"../../../Engine/Content/Functions/Engine_MaterialFunctions01/Opacity/CameraDepthFade.uasset" 0
"../../../Engine/Content/EngineMaterials/T_Default_Material_Grid_M.uasset" 1
"../../../Engine/Content/EngineMaterials/T_Default_Material_Grid_N.uasset" 2
"../../../Engine/Content/EngineMaterials/DefaultMaterial.uasset" 3
"../../../Engine/Content/BasicShapes/Cone.uasset" 4
"../../../Engine/Content/BasicShapes/Cylinder.uasset" 5
"../../../Engine/Content/EngineMaterials/WorldGridMaterial.uasset" 6
"../../../Engine/Content/BasicShapes/Plane.uasset" 7
"../../../Engine/Content/BasicShapes/Sphere.uasset" 8
"../../../Engine/Content/EditorLandscapeResources/DataLayer.uasset" 9
"../../../Engine/Content/EditorMaterials/GizmoMaterial.uasset" 10
"../../../Engine/Content/EditorMaterials/MAT_Groups_Toggle.uasset" 11
"../../../Engine/Content/EditorMaterials/MAT_Groups_Visibility.uasset" 12
"../../../Engine/Content/EditorMaterials/PreviewShadowIndicator.uasset" 13
"../../../Engine/Content/EditorMaterials/PreviewShadowIndicatorMaterial.uasset" 14
"../../../Engine/Content/EditorMaterials/AssetViewer/EpicQuadPanorama_CC+EV1.uasset" 15
"../../../Engine/Content/EditorMaterials/MatineeGroups/MAT_ColorTrack.uasset" 16
"../../../Engine/Content/EditorMaterials/MatineeGroups/MAT_Groups_Anim.uasset" 17
"../../../Engine/Content/EditorMaterials/MatineeGroups/MAT_Groups_AudioMaster.uasset" 18
"../../../Engine/Content/EditorMaterials/MatineeGroups/MAT_Groups_Director.uasset" 19
"../../../Engine/Content/EditorMaterials/MatineeGroups/MAT_Groups_Event.uasset" 20
"../../../Engine/Content/EditorMaterials/MatineeGroups/MAT_Groups_Fade.uasset" 21
"../../../Engine/Content/EditorMaterials/MatineeGroups/MAT_Groups_Float.uasset" 22
"../../../Engine/Content/EditorMaterials/MatineeGroups/MAT_Groups_Move.uasset" 23
"../../../Engine/Content/EditorMaterials/MatineeGroups/MAT_Groups_Slomo.uasset" 24
"../../../Engine/Content/EditorMaterials/MatineeGroups/MAT_Groups_Sound.uasset" 25
"../../../Engine/Content/EditorMaterials/MatineeGroups/MAT_Groups_Vector.uasset" 26
"../../../Engine/Content/EditorMaterials/ParticleSystems/PSysThumbnail_NoImage.uasset" 27
"../../../Engine/Content/EditorMaterials/ParticleSystems/PSysThumbnail_OOD.uasset" 28
"../../../Engine/Content/EditorMaterials/Camera/CineMat.uasset" 29
"../../../Engine/Content/EditorMaterials/Camera/MI_CineMat_Rig.uasset" 30
"../../../Engine/Content/EditorMeshes/Camera/SM_CraneRig_Arm.uasset" 31
"../../../Engine/Content/EditorMeshes/Camera/SM_CraneRig_Base.uasset" 32
"../../../Engine/Content/EditorMeshes/Camera/SM_CraneRig_Body.uasset" 33
"../../../Engine/Content/EditorMeshes/Camera/SM_CraneRig_Mount.uasset" 34
"../../../Engine/Content/EditorMeshes/Camera/SM_RailRig_Mount.uasset" 35
"../../../Engine/Content/EditorMeshes/Camera/SM_RailRig_Track.uasset" 36
"../../../Engine/Content/EditorMeshes/ColorCalibrator/M_ChromeBall.uasset" 37
"../../../Engine/Content/EditorMeshes/ColorCalibrator/M_ClearCoat.uasset" 38
"../../../Engine/Content/EditorMeshes/ColorCalibrator/M_ClearCoatBlack.uasset" 39
"../../../Engine/Content/EditorMeshes/ColorCalibrator/T_ColorGrid.uasset" 40
"../../../Engine/Content/EditorMeshes/ColorCalibrator/M_ColorGrid.uasset" 41
"../../../Engine/Content/EditorMeshes/ColorCalibrator/M_GreyBall.uasset" 42
"../../../Engine/Content/EditorMeshes/ColorCalibrator/SM_ColorCalibrator.uasset" 43
"../../../Engine/Content/EditorResources/BSPVertex.uasset" 44
"../../../Engine/Content/EditorResources/EmptyActor.uasset" 45
"../../../Engine/Content/EditorResources/RGBTable16x1_AssetViewer.uasset" 46
"../../../Engine/Content/EditorResources/S_Actor.uasset" 47
"../../../Engine/Content/EditorResources/S_Trigger.uasset" 48
"../../../Engine/Content/EditorResources/LightIcons/S_LightError.uasset" 49
"../../../Engine/Content/EditorResources/SequenceRecorder/Countdown.uasset" 50
"../../../Engine/Content/EditorResources/SequenceRecorder/RecordingIndicator.uasset" 51
"../../../Engine/Content/EditorSounds/Notifications/CompileFailed.uasset" 52
"../../../Engine/Content/EditorSounds/Notifications/CompileFailed_Cue.uasset" 53
"../../../Engine/Content/EditorSounds/Notifications/CompileSuccess.uasset" 54
"../../../Engine/Content/EditorSounds/Notifications/CompileStart_Cue.uasset" 55
"../../../Engine/Content/EditorSounds/Notifications/CompileSuccess_Cue.uasset" 56
"../../../Engine/Content/EngineDamageTypes/DmgTypeBP_Environmental.uasset" 57
"../../../Engine/Content/EngineDebugMaterials/HeatmapGradient.uasset" 58
"../../../Engine/Content/EngineDebugMaterials/BoneWeightMaterial.uasset" 59
"../../../Engine/Content/EngineDebugMaterials/DebugMeshMaterial.uasset" 60
"../../../Engine/Content/EngineDebugMaterials/GeomMaterial.uasset" 61
"../../../Engine/Content/EngineFonts/Faces/RobotoBold.uasset" 62
"../../../Engine/Content/EngineFonts/Faces/RobotoBoldItalic.uasset" 63
"../../../Engine/Content/EngineFonts/Faces/RobotoItalic.uasset" 64
"../../../Engine/Content/EngineFonts/Faces/RobotoLight.uasset" 65
"../../../Engine/Content/EngineFonts/Faces/RobotoRegular.uasset" 66
"../../../Engine/Content/EngineFonts/Faces/RobotoTiny.uasset" 67
"../../../Engine/Content/EngineMaterials/DefaultBokeh.uasset" 68
"../../../Engine/Content/EngineMaterials/DefaultDiffuse.uasset" 69
"../../../Engine/Content/EngineMaterials/DefaultDeferredDecalMaterial.uasset" 70
"../../../Engine/Content/EngineMaterials/DefaultLightFunctionMaterial.uasset" 71
"../../../Engine/Content/EngineMaterials/DefaultPhysicalMaterial.uasset" 72
"../../../Engine/Content/Functions/Engine_MaterialFunctions02/Utility/BreakOutFloat2Components.uasset" 73
"../../../Engine/Content/EngineMaterials/DefaultPostProcessMaterial.uasset" 74
"../../../Engine/Content/EngineMaterials/DefaultTextMaterialOpaque.uasset" 75
"../../../Engine/Content/EngineMaterials/DefaultWhiteGrid.uasset" 76
"../../../Engine/Content/EngineMaterials/EditorBrushMaterial.uasset" 77
"../../../Engine/Content/EngineMaterials/Good64x64TilingNoiseHighFreq.uasset" 78
"../../../Engine/Content/EngineMaterials/MiniFont.uasset" 79
"../../../Engine/Content/EngineMaterials/InvalidLightmapSettings.uasset" 80
"../../../Engine/Content/EngineMaterials/M_InvalidLightmapSettings.uasset" 81
"../../../Engine/Content/EngineMaterials/PhAT_JointLimitMaterial.uasset" 82
"../../../Engine/Content/EngineMaterials/PreintegratedSkinBRDF.uasset" 83
"../../../Engine/Content/EngineMaterials/RemoveSurfaceMaterial.uasset" 84
"../../../Engine/Content/EngineMaterials/WeightMapPlaceholderTexture.uasset" 85
"../../../Engine/Content/EngineResources/WhiteSquareTexture.uasset" 86
"../../../Engine/Content/EngineMaterials/Widget3DPassThrough.uasset" 87
"../../../Engine/Content/EngineMaterials/Widget3DPassThrough_Masked.uasset" 88
"../../../Engine/Content/EngineMaterials/Widget3DPassThrough_Opaque.uasset" 89
"../../../Engine/Content/EngineMaterials/Widget3DPassThrough_Masked_OneSided.uasset" 90
"../../../Engine/Content/EngineMaterials/Widget3DPassThrough_Opaque_OneSided.uasset" 91
"../../../Engine/Content/EngineMaterials/Widget3DPassThrough_Translucent.uasset" 92
"../../../Engine/Content/EngineMaterials/Widget3DPassThrough_Translucent_OneSided.uasset" 93
"../../../Engine/Content/EngineMeshes/Cube.uasset" 94
"../../../Engine/Content/EngineMeshes/Cylinder.uasset" 95
"../../../Engine/Content/EngineMeshes/Sphere.uasset" 96
"../../../Engine/Content/EngineResources/Black.uasset" 97
"../../../Engine/Content/EngineResources/DefaultTexture.uasset" 98
"../../../Engine/Content/EngineResources/DefaultTextureCube.uasset" 99
"../../../Engine/Content/EngineResources/GradientTexture0.uasset" 100
"../../../Engine/Content/EngineSounds/Master.uasset" 101
"../../../Engine/Content/Functions/Engine_MaterialFunctions01/Shading/ConvertFromDiffSpec.uasset" 102
"../../../Engine/Content/Functions/Engine_MaterialFunctions01/Shading/PowerToRoughness.uasset" 103
"../../../Engine/Content/Maps/Templates/Thumbnails/Default.uasset" 104
"../../../Engine/Content/Maps/Templates/Thumbnails/VR-Basic.uasset" 105
"../../../Engine/Content/MobileResources/T_MobileControls_texture.uasset" 106
"../../../Engine/Content/MobileResources/T_MobileMenu2.uasset" 107
"../../../Engine/Content/MobileResources/HUD/AnalogHat.uasset" 108
"../../../Engine/Content/MobileResources/HUD/VirtualJoystick_Background.uasset" 109
"../../../Engine/Content/MobileResources/HUD/VirtualJoystick_Thumb.uasset" 110
"../../../Engine/Content/MobileResources/HUD/DefaultVirtualJoysticks.uasset" 111
"../../../Engine/Content/MobileResources/HUD/LeftVirtualJoystickOnly.uasset" 112
"../../../Engine/Content/MobileResources/HUD/MobileHUDButton1_off.uasset" 113
"../../../Engine/Content/MobileResources/HUD/MobileHUDButton1_on.uasset" 114
"../../../Engine/Content/MobileResources/HUD/MobileHUDButton2_off.uasset" 115
"../../../Engine/Content/MobileResources/HUD/MobileHUDButton2_on.uasset" 116
"../../../Engine/Content/MobileResources/HUD/MobileHUDButton3.uasset" 117
"../../../Engine/Content/MobileResources/HUD/MobileHUDButtonFire.uasset" 118
"../../../Engine/Content/MobileResources/HUD/MobileHUDDirectionPad.uasset" 119
"../../../Engine/Content/MobileResources/HUD/MobileHUDDirectionPad2.uasset" 120
"../../../Engine/Content/MobileResources/HUD/MobileHUDDirectionPad3.uasset" 121
"../../../Engine/Content/MobileResources/HUD/MobileHUDDirectionStick.uasset" 122
"../../../Engine/Content/MobileResources/HUD/T_Castle_ThumbstickInner.uasset" 123
"../../../Engine/Content/MobileResources/HUD/T_Castle_ThumbstickOutter.uasset" 124
"../../../Engine/Content/Tutorial/ContentIntroCurve.uasset" 125
"../../../Engine/Content/Tutorial/Basics/TutorialAssets/icon_tab_Levels_40x.uasset" 126
"../../../Engine/Content/Tutorial/BlueprintTutorials/TutorialAssets/BlueprintInterface_64x.uasset" 127
"../../../Engine/Content/Tutorial/BlueprintTutorials/TutorialAssets/BlueprintMacroLibrary_64x.uasset" 128
"../../../Engine/Content/Tutorial/BlueprintTutorials/TutorialAssets/Blueprint_64x.uasset" 129
"../../../Engine/Content/Tutorial/BlueprintTutorials/TutorialAssets/Tutorial_BP_Interface.uasset" 130
"../../../Engine/Content/Tutorial/Foliage/TutorialAssets/Foliage.uasset" 131
"../../../Engine/Content/Tutorial/Landscape/TutorialAssets/Landscape.uasset" 132
"../../../Engine/Content/Tutorial/Paper2D/TutorialAssets/Paper2DFlipbook_TutorialIcon.uasset" 133
"../../../Engine/Content/Tutorial/Paper2D/TutorialAssets/Paper2DSprite_TutorialIcon.uasset" 134
"../../../Engine/Content/Tutorial/SubEditors/TutorialAssets/icon_Editor_Preferences_General_40x.uasset" 135
"../../../Engine/Content/Tutorial/SubEditors/TutorialAssets/icon_ShowSkeletalMeshes_40x.uasset" 136
"../../../Engine/Content/Tutorial/SubEditors/TutorialAssets/TutorialMaterial.uasset" 137
"../../../Engine/Content/Tutorial/SubEditors/TutorialAssets/T_SmokeSubUV_8X8.uasset" 138
"../../../Engine/Content/Tutorial/SubEditors/TutorialAssets/T_soft_smoke.uasset" 139
"../../../Engine/Content/Tutorial/SubEditors/TutorialAssets/M_smoke_subUV_blackbody.uasset" 140
"../../../Engine/Content/Tutorial/SubEditors/TutorialAssets/TutorialParticleSystem.uasset" 141
"../../../Engine/Content/EditorMeshes/EditorCube.uasset" 142
"../../../Engine/Content/Tutorial/SubEditors/TutorialAssets/Tutorial_DM.uasset" 143
"../../../Engine/Content/VREditor/Devices/Generic/GenericHMDMaterial.uasset" 144
"../../../Engine/Content/VREditor/Devices/Generic/GenericHMD.uasset" 145
"../../../Engine/Content/VREditor/FloatingText/LineMaterial.uasset" 146
"../../../Engine/Content/VREditor/FloatingText/JointSphere.uasset" 147
"../../../Engine/Content/VREditor/FloatingText/LineSegmentCylinder.uasset" 148
"../../../Engine/Content/VREditor/Fonts/VRTextMaterial.uasset" 149
"../../../Engine/Content/VREditor/Fonts/TranslucentVRTextMaterial.uasset" 150
"../../../Engine/Content/VREditor/LaserPointer/VR_LaserPower_01.uasset" 151
"../../../Engine/Content/VREditor/LaserPointer/LaserPointerMaterial.uasset" 152
"../../../Engine/Content/VREditor/LaserPointer/LaserPointerMaterialInst.uasset" 153
"../../../Engine/Content/VREditor/LaserPointer/TranslucentLaserPointerMaterialInst.uasset" 154
"../../../Engine/Content/VREditor/LaserPointer/LaserPointerMesh.uasset" 155
"../../../Engine/Content/VREditor/Sounds/VR_grab_Cue.uasset" 156
"../../../Engine/Content/VREditor/Sounds/VR_teleport_Cue.uasset" 157
"../../../Engine/Content/VREditor/TransformGizmo/TransformGizmoMaterial.uasset" 158
"../../../Engine/Content/VREditor/TransformGizmo/TranslucentTransformGizmoMaterial.uasset" 159
"../../../Engine/Content/VREditor/TransformGizmo/BoundingBoxCorner.uasset" 160
"../../../Engine/Content/VREditor/TransformGizmo/BoundingBoxEdge.uasset" 161
"../../../Engine/Content/VREditor/TransformGizmo/PlaneTranslationHandle.uasset" 162
"../../../Engine/Content/VREditor/TransformGizmo/RotationHandle.uasset" 163
"../../../Engine/Content/VREditor/TransformGizmo/RotationHandleFull.uasset" 164
"../../../Engine/Content/VREditor/TransformGizmo/StretchingHandle.uasset" 165
"../../../Engine/Content/VREditor/TransformGizmo/TranslateHandleLong.uasset" 166
"../../../Engine/Content/VREditor/TransformGizmo/TranslationHandle.uasset" 167
"../../../Engine/Content/VREditor/TransformGizmo/UniformScaleHandle.uasset" 168
"../../../Engine/Content/VREditor/UI/CloseButtonMesh.uasset" 169
"../../../Engine/Content/VREditor/UI/SelectionBarMesh.uasset" 170
"../../../Engine/Content/Functions/Engine_MaterialFunctions01/Gradient/RadialGradient.uasset" 171
"../../../Engine/Content/VREditor/WorldMovementGrid/SimpleGrid.uasset" 172
"../../../Engine/Content/VREditor/WorldMovementGrid/GridMaterial.uasset" 173
"../../../Engine/Content/Functions/Engine_MaterialFunctions01/Density/ExponentialDensity.uasset" 174
"../../../Engine/Content/VREditor/WorldMovementGrid/GridPostProcess.uasset" 175
"../../../Engine/Content/EditorLandscapeResources/FlattenHeightMat.uasset" 176
"../../../Engine/Content/VREditor/WorldMovementGrid/PlaneMesh.uasset" 177
"../../../Pavlov/Content/CustomMaps/UGC932402093/Images/de_nuke.uasset" 178
"../../../Pavlov/Content/CustomMaps/UGC932402093/definition.uasset" 179
"../../../Pavlov/Content/CustomMaps/UGC932402093/BasicShapes/BasicShapeMaterial.uasset" 180
"../../../Pavlov/Content/CustomMaps/UGC932402093/BasicShapes/Cone.uasset" 181
"../../../Pavlov/Content/CustomMaps/UGC932402093/BasicShapes/Cube.uasset" 182
"../../../Pavlov/Content/CustomMaps/UGC932402093/BasicShapes/Plane.uasset" 183
"../../../Pavlov/Content/CustomMaps/UGC932402093/Crates/Midlong_Crate.uasset" 184
"../../../Pavlov/Content/CustomMaps/UGC932402093/Crates/small_crate2.uasset" 185
"../../../Pavlov/Content/CustomMaps/UGC932402093/Crates/WorldGridMaterial.uasset" 186
"../../../Pavlov/Content/CustomMaps/UGC932402093/Images/csgo_nukeoverview.uasset" 187
"../../../Pavlov/Content/CustomMaps/UGC932402093/Images/csgo_nukeoverview_Mat.uasset" 188
"../../../Pavlov/Content/CustomMaps/UGC932402093/MapTemplates/Bokeh_5Sides.uasset" 189
"../../../Engine/Content/MapTemplates/CloudShadowSample.uasset" 190
"../../../Engine/Content/MapTemplates/CloudShadowSample4Iterations.uasset" 191
"../../../Pavlov/Content/CustomMaps/UGC932402093/MapTemplates/CloudDensityShadowing.uasset" 192
"../../../Engine/Content/MapTemplates/TestCard.uasset" 193
"../../../Engine/Content/MapTemplates/CloudShadowSample4Iterations_Hem.uasset" 194
"../../../Pavlov/Content/CustomMaps/UGC932402093/MapTemplates/CloudHemisphereShadowing.uasset" 195
"../../../Engine/Content/MapTemplates/T_UDK_Sky_CloudMask03.uasset" 196
"../../../Pavlov/Content/CustomMaps/UGC932402093/MapTemplates/CloudRimLighting.uasset" 197
"../../../Pavlov/Content/CustomMaps/UGC932402093/MapTemplates/CloudShadowSample.uasset" 198
"../../../Pavlov/Content/CustomMaps/UGC932402093/MapTemplates/CloudShadowSample4Iterations.uasset" 199
"../../../Pavlov/Content/CustomMaps/UGC932402093/MapTemplates/CloudShadowSample4Iterations_Hem.uasset" 200
"../../../Pavlov/Content/CustomMaps/UGC932402093/MapTemplates/daylight.uasset" 201
"../../../Engine/Content/MapTemplates/CloudDensityShadowing.uasset" 202
"../../../Engine/Content/MapTemplates/CloudHemisphereShadowing.uasset" 203
"../../../Engine/Content/MapTemplates/CloudRimLighting.uasset" 204
"../../../Engine/Content/MapTemplates/TilingNoise05.uasset" 205
"../../../Pavlov/Content/CustomMaps/UGC932402093/MapTemplates/MASTER_Sky_Material.uasset" 206
"../../../Engine/Content/MapTemplates/MASTER_Sky_Material.uasset" 207
"../../../Pavlov/Content/CustomMaps/UGC932402093/MapTemplates/MASTER_Sky_Material_DEFAULT_MAP.uasset" 208
"../../../Pavlov/Content/CustomMaps/UGC932402093/MapTemplates/SM_Template_Map_Floor.uasset" 209
"../../../Pavlov/Content/CustomMaps/UGC932402093/MapTemplates/TestCard.uasset" 210
"../../../Pavlov/Content/CustomMaps/UGC932402093/MapTemplates/TilingNoise05.uasset" 211
"../../../Pavlov/Content/CustomMaps/UGC932402093/MapTemplates/T_ScreenDirt02_w.uasset" 212
"../../../Pavlov/Content/CustomMaps/UGC932402093/MapTemplates/T_UDK_Sky_CloudMask03.uasset" 213
"../../../Pavlov/Content/CustomMaps/UGC932402093/MapTemplates/lut/LUT_Afternoon.uasset" 214
"../../../Pavlov/Content/CustomMaps/UGC932402093/MapTemplates/lut/LUT_Daytime.uasset" 215
"../../../Pavlov/Content/CustomMaps/UGC932402093/MapTemplates/lut/LUT_Morning.uasset" 216
"../../../Pavlov/Content/CustomMaps/UGC932402093/MapTemplates/lut/LUT_Night.uasset" 217
"../../../Pavlov/Content/CustomMaps/UGC932402093/MapTemplates/Materials/BasicAsset01.uasset" 218
"../../../Pavlov/Content/CustomMaps/UGC932402093/MapTemplates/Materials/BasicAsset02.uasset" 219
"../../../Pavlov/Content/CustomMaps/UGC932402093/MapTemplates/Materials/BasicAsset03.uasset" 220
"../../../Pavlov/Content/CustomMaps/UGC932402093/MapTemplates/Materials/BasicTemplateMaterial.uasset" 221
"../../../Pavlov/Content/CustomMaps/UGC932402093/MapTemplates/Materials/Default.uasset" 222
"../../../Engine/Content/EngineMaterials/DefaultNormal.uasset" 223
"../../../Pavlov/Content/CustomMaps/UGC932402093/MapTemplates/Materials/ML_ExampleMaterialLayer.uasset" 224
"../../../Pavlov/Content/CustomMaps/UGC932402093/MapTemplates/Sky/DaylightAmbientCubemap.uasset" 225
"../../../Engine/Content/MapTemplates/Sky/DaylightAmbientCubemap.uasset" 226
"../../../Pavlov/Content/CustomMaps/UGC932402093/MapTemplates/Sky/DaylightAmbientCubemap_Mat.uasset" 227
"../../../Pavlov/Content/CustomMaps/UGC932402093/MapTemplates/Sky/Desert_Outer_HDR.uasset" 228
"../../../Engine/Content/MapTemplates/Sky/Desert_Outer_HDR.uasset" 229
"../../../Pavlov/Content/CustomMaps/UGC932402093/MapTemplates/Sky/Desert_Outer_HDR_Mat.uasset" 230
"../../../Pavlov/Content/CustomMaps/UGC932402093/MapTemplates/Sky/M_BlackBackground.uasset" 231
"../../../Engine/Content/MapTemplates/Sky/T_Sky_Stars.uasset" 232
"../../../Engine/Content/MapTemplates/Sky/T_UDK_Sky_CloudMask01_N.uasset" 233
"../../../Engine/Content/MapTemplates/Sky/M_Procedural_Sky_MASTER02.uasset" 234
"../../../Pavlov/Content/CustomMaps/UGC932402093/MapTemplates/Sky/M_Procedural_Sky_Afternoon.uasset" 235
"../../../Pavlov/Content/CustomMaps/UGC932402093/MapTemplates/Sky/M_Procedural_Sky_Daytime.uasset" 236
"../../../Pavlov/Content/CustomMaps/UGC932402093/MapTemplates/Sky/M_Procedural_Sky_MASTER02.uasset" 237
"../../../Pavlov/Content/CustomMaps/UGC932402093/MapTemplates/Sky/M_Procedural_Sky_MASTER022.uasset" 238
"../../../Pavlov/Content/CustomMaps/UGC932402093/MapTemplates/Sky/M_Procedural_Sky_MASTER_UE4.uasset" 239
"../../../Pavlov/Content/CustomMaps/UGC932402093/MapTemplates/Sky/M_Procedural_Sky_Morning.uasset" 240
"../../../Engine/Content/MapTemplates/Sky/M_Procedural_Sky_MASTER_UE4.uasset" 241
"../../../Engine/Content/MapTemplates/Sky/SunsetAmbientCubemap.uasset" 242
"../../../Pavlov/Content/CustomMaps/UGC932402093/MapTemplates/Sky/M_Procedural_Sky_Morning_UE4.uasset" 243
"../../../Pavlov/Content/CustomMaps/UGC932402093/MapTemplates/Sky/M_Procedural_Sky_Night.uasset" 244
"../../../Pavlov/Content/CustomMaps/UGC932402093/MapTemplates/Sky/SM_SkySphere.uasset" 245
"../../../Pavlov/Content/CustomMaps/UGC932402093/MapTemplates/Sky/SunsetAmbientCubemap.uasset" 246
"../../../Pavlov/Content/CustomMaps/UGC932402093/MapTemplates/Sky/T_Sky_Stars.uasset" 247
"../../../Pavlov/Content/CustomMaps/UGC932402093/MapTemplates/Sky/T_UDK_Sky_CloudMask01_N.uasset" 248
"../../../Pavlov/Content/CustomMaps/UGC932402093/Props/Material.uasset" 249
"../../../Engine/Plugins/2D/Paper2D/Content/DummySprite.uasset" 250
"../../../Engine/Plugins/2D/Paper2D/Content/DefaultPaperTerrainMaterial.uasset" 251
"../../../Engine/Plugins/2D/Paper2D/Content/DefaultSpriteMaterial.uasset" 252
"../../../Engine/Plugins/2D/Paper2D/Content/MaskedUnlitSpriteMaterial.uasset" 253
"../../../Engine/Plugins/2D/Paper2D/Content/OpaqueUnlitSpriteMaterial.uasset" 254
"../../../Engine/Plugins/2D/Paper2D/Content/PlaceholderTextures/DummySpriteTexture.uasset" 255
"../../../Engine/Content/EditorBlueprintResources/StandardMacros.uasset" 256
"../../../Engine/Content/EngineSky/C_Sky_Cloud_Color.uasset" 257
"../../../Engine/Content/EngineSky/C_Sky_Horizon_Color.uasset" 258
"../../../Engine/Content/EngineSky/C_Sky_Zenith_Color.uasset" 259
"../../../Engine/Content/EngineSky/T_Sky_Blue.uasset" 260
"../../../Engine/Content/EngineSky/T_Sky_Clouds_M.uasset" 261
"../../../Engine/Content/EngineSky/T_Sky_Stars.uasset" 262
"../../../Engine/Content/EngineSky/M_Sky_Panning_Clouds2.uasset" 263
"../../../Engine/Content/EngineSky/SM_SkySphere.uasset" 264
"../../../Engine/Content/EngineSky/BP_Sky_Sphere.uasset" 265
"../../../Pavlov/Content/CustomMaps/UGC932402093/de_Nuke_BuiltData.uasset" 266
"../../../Engine/Content/BasicShapes/Cube.uasset" 267
"../../../Pavlov/Content/CustomMaps/UGC932402093/BasicShapes/Cylinder.uasset" 268
"../../../Pavlov/Content/CustomMaps/UGC932402093/BasicShapes/Sphere.uasset" 269
"../../../Pavlov/Content/CustomMaps/UGC932402093/Crates/Largelong_crate.uasset" 270
"../../../Pavlov/Content/CustomMaps/UGC932402093/Crates/MidLarge_crate_ridge.uasset" 271
"../../../Pavlov/Content/CustomMaps/UGC932402093/Crates/Midsize_crate_noridge.uasset" 272
"../../../Pavlov/Content/CustomMaps/UGC932402093/Crates/small_crate1.uasset" 273
"../../../Pavlov/Content/CustomMaps/UGC932402093/Crates/smallLong_crate.uasset" 274
"../../../Pavlov/Content/CustomMaps/UGC932402093/Crates/Toxic_Box1.uasset" 275
"../../../Pavlov/Content/CustomMaps/UGC932402093/Props/LAdder_Placeholder.uasset" 276
"../../../Pavlov/Content/CustomMaps/UGC932402093/Props/Toxic_Barrel.uasset" 277
"../../../Pavlov/Content/CustomMaps/UGC932402093/de_Nuke.umap" 278
"../../../Engine/Content/Maps/Entry.umap" 279
