Log file open, 05/26/17 00:31:51
LogInit:Display: Running engine for game: Pavlov
LogPlatformFile: Not using cached read wrapper
LogInit:Display: RandInit(-889586268) SRandInit(-889586267).
LogTaskGraph: Started task graph with 5 named threads and 8 total threads with 1 sets of task threads.
LogStats: Stats thread started at 0.113953
LogInit: Using libcurl 7.47.1
LogInit:  - built for x86_64-pc-win32
LogInit:  - supports SSL with OpenSSL/1.0.2g
LogInit:  - supports HTTP deflate (compression) using libz 1.2.8
LogInit:  - other features:
LogInit:      CURL_VERSION_SSL
LogInit:      CURL_VERSION_LIBZ
LogInit:      CURL_VERSION_IPV6
LogInit:      CURL_VERSION_ASYNCHDNS
LogInit:      CURL_VERSION_LARGEFILE
LogInit:      CURL_VERSION_IDN
LogInit:  CurlRequestOptions (configurable via config and command line):
LogInit:  - bVerifyPeer = false  - Libcurl will NOT verify peer certificate
LogInit:  - bUseHttpProxy = false  - Libcurl will NOT use HTTP proxy
LogInit:  - bDontReuseConnections = false  - Libcurl will reuse connections
LogInit:  - CertBundlePath = nullptr  - Libcurl will use whatever was configured at build time.
OCULUS: Info: [CAPI] LibOVR module is located at C:\Program Files\Oculus\Support\oculus-runtime\LibOVRRT64_1.dll
OCULUS: Debug: Connected to the server running version (prod = 1).1.15.0(build = 391815) feature version = 0. Client runs version (prod = 1).1.15.0(build = 391815) feature version = 0
LogHMD: GearVR: Emulating GearVR using Oculus Rift!
LogInit: Build: ++UE4+Release-4.15-CL-3348071
LogInit: Engine Version: 4.15.1-3348071+++UE4+Release-4.15
LogInit: Compatible Engine Version: 4.15.0-3299760+++UE4+Release-4.15
LogInit: Net CL: 3299760
LogDevObjectVersion: Number of dev versions registered: 14
LogDevObjectVersion:   Dev-Blueprints (B0D832E4-1F89-4F0D-ACCF-7EB736FD4AA2): 8
LogDevObjectVersion:   Dev-Build (E1C64328-A22C-4D53-A36C-8E866417BD8C): 0
LogDevObjectVersion:   Dev-Core (375EC13C-06E4-48FB-B500-84F0262A717E): 2
LogDevObjectVersion:   Dev-Editor (E4B068ED-F494-42E9-A231-DA0B2E46BB41): 14
LogDevObjectVersion:   Dev-Framework (CFFC743F-43B0-4480-9391-14DF171D2073): 22
LogDevObjectVersion:   Dev-Mobile (B02B49B5-BB20-44E9-A304-32B752E40360): 0
LogDevObjectVersion:   Dev-Networking (A4E4105C-59A1-49B5-A7C5-40C4547EDFEE): 0
LogDevObjectVersion:   Dev-Online (39C831C9-5AE6-47DC-9A44-9C173E1C8E7C): 0
LogDevObjectVersion:   Dev-Physics (78F01B33-EBEA-4F98-B9B4-84EACCB95AA2): 0
LogDevObjectVersion:   Dev-Platform (6631380F-2D4D-43E0-8009-CF276956A95A): 0
LogDevObjectVersion:   Dev-Rendering (12F88B9F-8875-4AFC-A67C-D90C383ABD29): 12
LogDevObjectVersion:   Dev-Sequencer (7B5AE74C-D270-4C10-A958-57980B212A5A): 3
LogDevObjectVersion:   Dev-VR (D7296918-1DD6-4BDD-9DE2-64A83CC13884): 0
LogDevObjectVersion:   Dev-LoadTimes (C2A15278-BFE7-4AFE-6C17-90FF531DF755): 1
LogInit: Compiled (64-bit): Mar 15 2017 16:52:47
LogInit: Compiled with Visual C++: 19.00.23026.00
LogInit: Build Configuration: Development
LogInit: Branch Name: ++UE4+Release-4.15
LogInit: Command line:  
LogInit: Base directory: D:/Program Files/Epic Games/Epic Games/UE_4.15/Engine/Binaries/Win64/
LogInit: Installed Engine Build: 1
LogInit: Presizing for max 8388607 objects, including 0 objects not considered by GC, pre-allocating 0 bytes for permanent pool.
LogInit: Object subsystem initialized
[2017.05.26-07.31.53:569][  0]LogInit: Selected Device Profile: [Windows]
[2017.05.26-07.31.53:569][  0]LogInit: Applying CVar settings loaded from the selected device profile: [Windows]
[2017.05.26-07.31.53:606][  0]LogInit: Computer: DESKTOP-3H4F7II
[2017.05.26-07.31.53:606][  0]LogInit: User: MOTYS
[2017.05.26-07.31.53:606][  0]LogInit: CPU Page size=65536, Cores=4
[2017.05.26-07.31.53:606][  0]LogInit: High frequency timer resolution =3.897875 MHz
[2017.05.26-07.31.53:606][  0]LogMemory: Memory total: Physical=24.0GB (24GB approx)
[2017.05.26-07.31.53:606][  0]LogMemory: Platform Memory Stats for Windows
[2017.05.26-07.31.53:606][  0]LogMemory: Process Physical Memory: 267.74 MB used, 267.74 MB peak
[2017.05.26-07.31.53:606][  0]LogMemory: Process Virtual Memory: 265.40 MB used, 265.40 MB peak
[2017.05.26-07.31.53:606][  0]LogMemory: Physical Memory: 7673.30 MB used,  16860.40 MB free, 24533.70 MB total
[2017.05.26-07.31.53:606][  0]LogMemory: Virtual Memory: 682.14 MB used,  16860.40 MB free, 134217728.00 MB total
[2017.05.26-07.31.53:902][  0]LogTextLocalizationManager: No specific translations for ('en-US') exist, so ('en') translations will be used.
[2017.05.26-07.31.56:737][  0]LogD3D11RHI: D3D11 adapters:
[2017.05.26-07.31.57:345][  0]LogD3D11RHI:    0. 'NVIDIA GeForce GTX 1070' (Feature Level 11_0)
[2017.05.26-07.31.57:345][  0]LogD3D11RHI:       8119/0/12266 MB DedicatedVideo/DedicatedSystem/SharedSystem, Outputs:2, VendorId:0x10de
[2017.05.26-07.31.57:347][  0]LogD3D11RHI:    1. 'Microsoft Basic Render Driver' (Feature Level 11_0)
[2017.05.26-07.31.57:347][  0]LogD3D11RHI:       0/0/12266 MB DedicatedVideo/DedicatedSystem/SharedSystem, Outputs:0, VendorId:0x1414
[2017.05.26-07.31.57:347][  0]LogD3D11RHI: Chosen D3D11 Adapter: 0
[2017.05.26-07.31.57:357][  0]LogD3D11RHI: Creating new Direct3DDevice
[2017.05.26-07.31.57:357][  0]LogD3D11RHI:     GPU DeviceId: 0x1b81 (for the marketing name, search the web for "GPU Device Id")
[2017.05.26-07.31.57:357][  0]LogWindows: EnumDisplayDevices:
[2017.05.26-07.31.57:357][  0]LogWindows:    0. 'NVIDIA GeForce GTX 1070' (P:1 D:1)
[2017.05.26-07.31.57:357][  0]LogWindows:    1. 'NVIDIA GeForce GTX 1070' (P:0 D:1)
[2017.05.26-07.31.57:357][  0]LogWindows:    2. 'NVIDIA GeForce GTX 1070' (P:0 D:0)
[2017.05.26-07.31.57:358][  0]LogWindows:    3. 'NVIDIA GeForce GTX 1070' (P:0 D:0)
[2017.05.26-07.31.57:358][  0]LogWindows: DebugString: FoundDriverCount:4 
[2017.05.26-07.31.57:358][  0]LogD3D11RHI:     Adapter Name: NVIDIA GeForce GTX 1070
[2017.05.26-07.31.57:358][  0]LogD3D11RHI:   Driver Version: 382.05 (internal:22.21.13.8205, unified:382.05)
[2017.05.26-07.31.57:358][  0]LogD3D11RHI:      Driver Date: 5-1-2017
[2017.05.26-07.31.57:358][  0]LogRHI: Texture pool is 1361 MB (70% of 1945 MB)
[2017.05.26-07.31.57:908][  0]LogD3D11RHI: Async texture creation enabled
[2017.05.26-07.31.57:952][  0]LogD3D11RHI: GPU Timing Frequency: 1000.000000 (Debug: 2 1)
[2017.05.26-07.31.58:047][  0]LogShaderCompilers: Guid format shader working directory is -2 characters bigger than the processId version (F:/Game Dev and 3D/Unreal/Pavlov/PavlovTemplate2/Intermediate/Shaders/WorkingDirectory/7520/).
[2017.05.26-07.31.58:047][  0]LogShaderCompilers: Cleaned the shader compiler working directory 'C:/Users/MOTYS/AppData/Local/Temp/UnrealShaderWorkingDir/4449CAAB4638EF68C2128FBAAA5EFB1B/'.
[2017.05.26-07.31.58:047][  0]LogShaderCompilers:Display: Using Local Shader Compiler.
[2017.05.26-07.32.01:091][  0]LogTemp:Display: Loaded TP AllDesktopTargetPlatform
[2017.05.26-07.32.01:177][  0]LogTemp:Display: Loaded TP MacClientTargetPlatform
[2017.05.26-07.32.01:260][  0]LogTemp:Display: Loaded TP MacNoEditorTargetPlatform
[2017.05.26-07.32.01:349][  0]LogTemp:Display: Loaded TP MacServerTargetPlatform
[2017.05.26-07.32.01:444][  0]LogTemp:Display: Loaded TP MacTargetPlatform
[2017.05.26-07.32.01:532][  0]LogTemp:Display: Loaded TP WindowsClientTargetPlatform
[2017.05.26-07.32.01:618][  0]LogTemp:Display: Loaded TP WindowsNoEditorTargetPlatform
[2017.05.26-07.32.01:703][  0]LogTemp:Display: Loaded TP WindowsServerTargetPlatform
[2017.05.26-07.32.01:769][  0]LogTemp:Display: Loaded TP WindowsTargetPlatform
[2017.05.26-07.32.01:852][  0]LogTemp:Display: Loaded TP AndroidTargetPlatform
[2017.05.26-07.32.01:933][  0]LogTemp:Display: Loaded TP Android_ASTCTargetPlatform
[2017.05.26-07.32.02:025][  0]LogTemp:Display: Loaded TP Android_ATCTargetPlatform
[2017.05.26-07.32.02:111][  0]LogTemp:Display: Loaded TP Android_DXTTargetPlatform
[2017.05.26-07.32.02:194][  0]LogTemp:Display: Loaded TP Android_ETC1TargetPlatform
[2017.05.26-07.32.02:283][  0]LogTemp:Display: Loaded TP Android_ETC2TargetPlatform
[2017.05.26-07.32.02:457][  0]LogTemp:Display: Loaded TP Android_MultiTargetPlatform
[2017.05.26-07.32.02:457][  0]LogTemp:Display: Loaded TP Android_PVRTCTargetPlatform
[2017.05.26-07.32.02:517][  0]LogTemp:Display: Loaded TP HTML5TargetPlatform
[2017.05.26-07.32.02:679][  0]LogTemp:Display: Loaded TP IOSTargetPlatform
[2017.05.26-07.32.02:733][  0]LogTemp:Display: Loaded TP TVOSTargetPlatform
[2017.05.26-07.32.02:817][  0]LogTemp:Display: Loaded TP LinuxClientTargetPlatform
[2017.05.26-07.32.02:904][  0]LogTemp:Display: Loaded TP LinuxNoEditorTargetPlatform
[2017.05.26-07.32.02:993][  0]LogTemp:Display: Loaded TP LinuxServerTargetPlatform
[2017.05.26-07.32.03:080][  0]LogTemp:Display: Loaded TP LinuxTargetPlatform
[2017.05.26-07.32.03:080][  0]LogTargetPlatformManager:Display: Building Assets For Windows
[2017.05.26-07.32.03:965][  0]LogDerivedDataCache:Display: Max Cache Size: 512 MB
[2017.05.26-07.32.04:058][  0]LogDerivedDataCache: Loaded boot cache 0.09s 51MB C:/Users/MOTYS/AppData/Local/UnrealEngine/4.15/DerivedDataCache/Boot.ddc.
[2017.05.26-07.32.04:059][  0]LogDerivedDataCache:Display: Loaded Boot cache: C:/Users/MOTYS/AppData/Local/UnrealEngine/4.15/DerivedDataCache/Boot.ddc
[2017.05.26-07.32.04:059][  0]LogDerivedDataCache: FDerivedDataBackendGraph:  Pak pak cache file F:/Game Dev and 3D/Unreal/Pavlov/PavlovTemplate2/DerivedDataCache/DDC.ddp not found, will not use a pak cache.
[2017.05.26-07.32.04:059][  0]LogDerivedDataCache: Unable to find inner node Pak for hierarchical cache Hierarchy.
[2017.05.26-07.32.04:059][  0]LogDerivedDataCache: FDerivedDataBackendGraph:  CompressedPak pak cache file F:/Game Dev and 3D/Unreal/Pavlov/PavlovTemplate2/DerivedDataCache/Compressed.ddp not found, will not use a pak cache.
[2017.05.26-07.32.04:059][  0]LogDerivedDataCache: Unable to find inner node CompressedPak for hierarchical cache Hierarchy.
[2017.05.26-07.32.04:089][  0]LogDerivedDataCache:Display: Pak cache opened for reading ../../../Engine/DerivedDataCache/Compressed.ddp.
[2017.05.26-07.32.04:101][  0]LogDerivedDataCache: Using Local data cache path C:/Users/MOTYS/AppData/Local/UnrealEngine/Common/DerivedDataCache: Writable
[2017.05.26-07.32.04:116][  0]LogSlate: Using Freetype 2.6.0
[2017.05.26-07.32.04:128][  0]LogSlate: SlateFontCache - WITH_FREETYPE: 1, WITH_HARFBUZZ: 1
[2017.05.26-07.32.04:128][  0]LogSlate: SlateFontCache - WITH_FREETYPE: 1, WITH_HARFBUZZ: 1
[2017.05.26-07.32.07:121][  0]LogInit: Selected Device Profile: [Windows]
[2017.05.26-07.32.07:125][  0]LogContentStreaming: Texture pool size is 0.00 MB
[2017.05.26-07.32.07:442][  0]LogMeshUtilities: Using QuadricMeshReduction for automatic static mesh reduction
[2017.05.26-07.32.07:500][  0]LogSimplygon: Simplygon DLL not present - disabling.
[2017.05.26-07.32.07:577][  0]LogMeshUtilities: Using SimplygonSwarm for distributed automatic mesh merging
[2017.05.26-07.32.07:577][  0]LogMeshUtilities: No automatic skeletal mesh reduction module available
[2017.05.26-07.32.07:577][  0]LogMeshUtilities: No automatic mesh merging module available
[2017.05.26-07.32.08:935][  0]LogNetVersion: GetLocalNetworkVersion: CL: 3299760, ProjectName: pavlov, ProjectVersion: , EngineNetworkVersion: 2, GameNetworkVersion: 0, NetworkChecksum: 2014131361
[2017.05.26-07.32.08:993][  0]LogAssetRegistry: FAssetRegistry took 0.0223 seconds to start up
[2017.05.26-07.32.09:035][  0]LogDirectoryWatcher:Warning: Failed to begin reading directory changes for F:/Game Dev and 3D/Unreal/Pavlov/PavlovTemplate2/Plugins/CustomMapTools/Content/. Error: The system cannot find the file specified. (0x00000002)
[2017.05.26-07.32.09:091][  0]LogPackageLocalizationCache: Processed 4 localized package path(s) for 2 prioritized culture(s) in 0.055813 seconds
[2017.05.26-07.32.09:098][  0]LogUObjectArray: 32493 objects as part of root set at end of initial load.
[2017.05.26-07.32.09:098][  0]LogUObjectAllocator: 7077024 out of 0 bytes used by permanent object pool.
[2017.05.26-07.32.09:098][  0]LogUObjectArray: CloseDisregardForGC: 0/0 objects in disregard for GC pool
[2017.05.26-07.32.09:192][  0]LogInit: WinSock: version 1.1 (2.2), MaxSocks=32767, MaxUdp=65467
[2017.05.26-07.32.10:356][  0]LogImageWrapper:Warning: PNG Warning: iTXt: CRC error
[2017.05.26-07.32.10:357][  0]LogImageWrapper:Warning: PNG Warning: iTXt: CRC error
[2017.05.26-07.32.12:458][  0]LogTcpMessaging: Initializing TcpMessaging bridge
[2017.05.26-07.32.12:512][  0]LogUdpMessaging: Initializing bridge on interface 0.0.0.0:0 to multicast group 230.0.0.1:6666.
[2017.05.26-07.32.13:187][  0]LogMaterial: Missing cached shader map for material BaseColor, compiling. 
[2017.05.26-07.32.13:187][  0]LogMaterial:Warning: Failed to compile Material /Engine/BufferVisualization/BaseColor.BaseColor for platform PCD3D_SM5, Default Material will be used in game.
[2017.05.26-07.32.13:187][  0]LogMaterial:Warning: 	(Node SceneTexture) GBuffer scene textures not available with forward shading.
[2017.05.26-07.32.13:241][  0]LogMaterial: Uniform references updated for custom material expression Custom.
[2017.05.26-07.32.13:259][  0]LogMaterial: Missing cached shader map for material LightingModel, compiling. 
[2017.05.26-07.32.13:259][  0]LogMaterial:Warning: Failed to compile Material /Engine/BufferVisualization/LightingModel.LightingModel for platform PCD3D_SM5, Default Material will be used in game.
[2017.05.26-07.32.13:259][  0]LogMaterial:Warning: 	(Node SceneTexture) GBuffer scene textures not available with forward shading.
[2017.05.26-07.32.13:265][  0]LogMaterial: Missing cached shader map for material MaterialAO, compiling. 
[2017.05.26-07.32.13:266][  0]LogMaterial:Warning: Failed to compile Material /Engine/BufferVisualization/MaterialAO.MaterialAO for platform PCD3D_SM5, Default Material will be used in game.
[2017.05.26-07.32.13:266][  0]LogMaterial:Warning: 	(Node SceneTexture) GBuffer scene textures not available with forward shading.
[2017.05.26-07.32.13:271][  0]LogMaterial: Missing cached shader map for material Metallic, compiling. 
[2017.05.26-07.32.13:272][  0]LogMaterial:Warning: Failed to compile Material /Engine/BufferVisualization/Metallic.Metallic for platform PCD3D_SM5, Default Material will be used in game.
[2017.05.26-07.32.13:272][  0]LogMaterial:Warning: 	(Node SceneTexture) GBuffer scene textures not available with forward shading.
[2017.05.26-07.32.13:277][  0]LogMaterial: Missing cached shader map for material Opacity, compiling. 
[2017.05.26-07.32.13:277][  0]LogMaterial:Warning: Failed to compile Material /Engine/BufferVisualization/Opacity.Opacity for platform PCD3D_SM5, Default Material will be used in game.
[2017.05.26-07.32.13:277][  0]LogMaterial:Warning: 	(Node SceneTexture) GBuffer scene textures not available with forward shading.
[2017.05.26-07.32.13:283][  0]LogMaterial: Missing cached shader map for material Roughness, compiling. 
[2017.05.26-07.32.13:283][  0]LogMaterial:Warning: Failed to compile Material /Engine/BufferVisualization/Roughness.Roughness for platform PCD3D_SM5, Default Material will be used in game.
[2017.05.26-07.32.13:283][  0]LogMaterial:Warning: 	(Node SceneTexture) GBuffer scene textures not available with forward shading.
[2017.05.26-07.32.13:315][  0]LogMaterial: Missing cached shader map for material Specular, compiling. 
[2017.05.26-07.32.13:315][  0]LogMaterial:Warning: Failed to compile Material /Engine/BufferVisualization/Specular.Specular for platform PCD3D_SM5, Default Material will be used in game.
[2017.05.26-07.32.13:315][  0]LogMaterial:Warning: 	(Node SceneTexture) GBuffer scene textures not available with forward shading.
[2017.05.26-07.32.13:321][  0]LogMaterial: Missing cached shader map for material SubsurfaceColor, compiling. 
[2017.05.26-07.32.13:321][  0]LogMaterial:Warning: Failed to compile Material /Engine/BufferVisualization/SubsurfaceColor.SubsurfaceColor for platform PCD3D_SM5, Default Material will be used in game.
[2017.05.26-07.32.13:321][  0]LogMaterial:Warning: 	(Node SceneTexture) GBuffer scene textures not available with forward shading.
[2017.05.26-07.32.13:328][  0]LogMaterial: Missing cached shader map for material WorldNormal, compiling. 
[2017.05.26-07.32.13:328][  0]LogMaterial:Warning: Failed to compile Material /Engine/BufferVisualization/WorldNormal.WorldNormal for platform PCD3D_SM5, Default Material will be used in game.
[2017.05.26-07.32.13:328][  0]LogMaterial:Warning: 	(Node SceneTexture) GBuffer scene textures not available with forward shading.
[2017.05.26-07.32.13:872][  0]SourceControl: Info Source control is disabled
[2017.05.26-07.32.13:958][  0]SourceControl: Info Source control is disabled
[2017.05.26-07.32.14:030][  0]SourceControl: Info Source control is disabled
[2017.05.26-07.32.14:100][  0]SourceControl: Info Source control is disabled
[2017.05.26-07.32.16:166][  0]LogEngine: Initializing Engine...
[2017.05.26-07.32.20:481][  0]LogHMD: SteamVR initialized.  Driver: lighthouse  Display: LHR-200FE07F
[2017.05.26-07.32.21:114][  0]LogAIModule: Creating AISystem for world Untitled
[2017.05.26-07.32.21:170][  0]LogInit: XAudio2 using 'RoseWill Headphones (USB Sound Device        )' : 2 channels at 44.1 kHz using 16 bits per sample (channel mask 0x3)
[2017.05.26-07.32.21:198][  0]LogInit: FAudioDevice initialized.
[2017.05.26-07.32.21:266][  0]LogDerivedDataCache: Saved boot cache 0.07s 51MB C:/Users/MOTYS/AppData/Local/UnrealEngine/4.15/DerivedDataCache/Boot.ddc.
[2017.05.26-07.32.21:283][  0]LogInit: Texture streaming: Enabled
[2017.05.26-07.32.21:446][  0]LogEngineSessionManager: EngineSessionManager initialized
[2017.05.26-07.32.21:606][  0]LogInit: Transaction tracking system initialized
[2017.05.26-07.32.22:225][  0]BlueprintLog: New page: Editor Load
[2017.05.26-07.32.23:828][  0]LocalizationService: Info Localization service is disabled
[2017.05.26-07.32.25:122][  0]LogConsoleResponse:Display: 
[2017.05.26-07.32.25:758][  0]LogCook:Display: Max memory allowance for cook 16384mb min free memory 0mb
[2017.05.26-07.32.25:758][  0]LogCook:Display: Mobile HDR setting 0
[2017.05.26-07.32.26:356][  0]LogFileCache: Scanning file cache for directory 'F:/Game Dev and 3D/Unreal/Pavlov/PavlovTemplate2/Content/' took 0.02s
[2017.05.26-07.32.27:451][  0]CustomMapToolsLog: Initializing Pavlov's workshop editor plugin
[2017.05.26-07.32.27:731][  0]CustomMapToolsLog: Visiting F:/Game Dev and 3D/Unreal/Pavlov/PavlovTemplate2/Content/CustomMaps/UGC932402093
[2017.05.26-07.32.28:721][  0]SourceControl: Info Source control is disabled
[2017.05.26-07.32.28:723][  0]Cmd: MAP LOAD FILE="../../../Engine/Content/Maps/Templates/Template_Default.umap" TEMPLATE=1 SHOWPROGRESS=1 FEATURELEVEL=3
[2017.05.26-07.32.28:728][  0]LightingResults: New page: Lighting Build
[2017.05.26-07.32.28:811][  0]MapCheck: New page: Map Check
[2017.05.26-07.32.28:811][  0]LightingResults: New page: Lighting Build
[2017.05.26-07.32.29:952][  0]LogAIModule: Creating AISystem for world Untitled_1
[2017.05.26-07.32.29:995][  0]LogActorComponent: RegisterComponentWithWorld: (/Temp/Untitled_1.Untitled_1:PersistentLevel.WorldSettings_1.StaticMeshComponent0) Trying to register component with IsPendingKill() == true. Aborting.
[2017.05.26-07.32.30:008][  0]LogEditorServer: Finished looking for orphan Actors (0.000 secs)
[2017.05.26-07.32.30:012][  0]Cmd: MAP CHECKDEP NOCLEARLOG
[2017.05.26-07.32.30:130][  0]MapCheck: Info Map check complete: 0 Error(s), 0 Warning(s), took 117.741ms to complete.
[2017.05.26-07.32.30:130][  0]LogFileHelpers: Loading map 'Template_Default' took 1.408
[2017.05.26-07.32.30:482][  0]LogCollectionManager: Loaded 1 collections in 0.009159 seconds
[2017.05.26-07.32.30:619][  0]LogFileCache: Scanning file cache for directory 'F:/Game Dev and 3D/Unreal/Pavlov/PavlovTemplate2/Saved/Collections/' took 0.01s
[2017.05.26-07.32.30:619][  0]LogFileCache: Scanning file cache for directory 'F:/Game Dev and 3D/Unreal/Pavlov/PavlovTemplate2/Content/Developers/MOTYS/Collections/' took 0.01s
[2017.05.26-07.32.30:619][  0]LogFileCache: Scanning file cache for directory 'F:/Game Dev and 3D/Unreal/Pavlov/PavlovTemplate2/Content/Collections/' took 0.01s
[2017.05.26-07.32.30:619][  0]LogCollectionManager: Rebuilt the GUID cache for 1 collections in 0.000004 seconds
[2017.05.26-07.32.30:619][  0]LogCollectionManager: Rebuilt the hierarchy cache for 1 collections in 0.000000 seconds
[2017.05.26-07.32.30:644][  0]LogContentBrowser: Native class hierarchy populated in 0.0249 seconds. Added 2252 classes and 456 folders.
[2017.05.26-07.32.30:653][  0]LogStats: UGameplayTagsManager::ConstructGameplayTagTree: Construct from data asset -  0.000 s
[2017.05.26-07.32.30:653][  0]LogStats: UGameplayTagsManager::ConstructGameplayTagTree: GameplayTagTreeChangedEvent.Broadcast -  0.000 s
[2017.05.26-07.32.30:793][  0]LogContentBrowser: Native class hierarchy updated for 'WidgetCarousel' in 0.0011 seconds. Added 0 classes and 0 folders.
[2017.05.26-07.32.31:309][  0]LogContentBrowser: Native class hierarchy updated for 'AddContentDialog' in 0.0011 seconds. Added 0 classes and 0 folders.
[2017.05.26-07.32.31:403][  0]LogContentBrowser: Native class hierarchy updated for 'SceneOutliner' in 0.0010 seconds. Added 1 classes and 2 folders.
[2017.05.26-07.32.31:497][  0]LogCrashTracker: Crashtracker disabled due to settings.
[2017.05.26-07.32.31:732][  0]LogUObjectGlobals:Warning: Failed to find object 'Class None.'
[2017.05.26-07.32.31:985][  0]LogContentBrowser: Native class hierarchy updated for 'HierarchicalLODOutliner' in 0.0020 seconds. Added 1 classes and 2 folders.
[2017.05.26-07.32.31:987][  0]LogLoad: (Engine Initialization) Total time: 43.60 seconds
[2017.05.26-07.32.31:987][  0]LogLoad: (Engine Initialization) Total Blueprint compile time: 0.18 seconds
[2017.05.26-07.32.31:987][  0]LogExternalProfiler: No external profilers were discovered.  External profiling features will not be available.
[2017.05.26-07.32.32:328][  0]LogOcInput: OculusInput pre-init called
[2017.05.26-07.32.32:360][  0]LogOcInput: OculusInput is initialized. Init status 0. Runtime version: 1.15.0
[2017.05.26-07.32.32:432][  0]LogContentStreaming: Texture pool size now 2500 MB
[2017.05.26-07.32.32:441][  0]LogSlate: Took 0.007132 seconds to synchronously load lazily loaded font '../../../Engine/Content/Slate/Fonts/Roboto-Regular.ttf' (155K)
[2017.05.26-07.32.32:454][  0]LogSlate: Took 0.005736 seconds to synchronously load lazily loaded font '../../../Engine/Content/Slate/Fonts/Roboto-Bold.ttf' (160K)
[2017.05.26-07.32.32:471][  0]LogSlate: Took 0.004534 seconds to synchronously load lazily loaded font '../../../Engine/Content/Editor/Slate/Fonts/FontAwesome.ttf' (139K)
[2017.05.26-07.32.32:791][  0]LogSlate: Took 0.008407 seconds to synchronously load lazily loaded font '../../../Engine/Content/Slate/Fonts/Roboto-Light.ttf' (159K)
[2017.05.26-07.32.32:864][  0]LogRenderer: Reallocating scene render targets to support 1232x684 NumSamples 4 (Frame:2).
[2017.05.26-07.32.33:366][  2]LogAssetRegistry: Asset discovery search completed in 24.3953 seconds
[2017.05.26-07.32.33:366][  2]LogCollectionManager: Rebuilt the object cache for 1 collections in 0.000007 seconds (found 0 objects)
[2017.05.26-07.32.33:366][  2]LogCollectionManager: Fixed up redirectors for 1 collections in 0.000026 seconds (updated 0 objects)
[2017.05.26-07.32.38:796][ 26]LogSlate: Took 0.000333 seconds to synchronously load lazily loaded font '../../../Engine/Content/Slate/Fonts/Roboto-Light.ttf' (159K)
[2017.05.26-07.32.40:006][ 26]LogAIModule: Creating AISystem for world de_nuke
[2017.05.26-07.32.40:055][ 26]LogSlate: Took 0.000360 seconds to synchronously load lazily loaded font '../../../Engine/Content/Slate/Fonts/Roboto-Regular.ttf' (155K)
[2017.05.26-07.32.40:096][ 26]Cmd: MAP LOAD FILE="F:/Game Dev and 3D/Unreal/Pavlov/PavlovTemplate2/Content/CustomMaps/UGC932402093/de_Nuke.umap" TEMPLATE=0 SHOWPROGRESS=1 FEATURELEVEL=3
[2017.05.26-07.32.40:097][ 26]LightingResults: New page: Lighting Build
[2017.05.26-07.32.40:099][ 26]LoadErrors: New page: Loading map: de_Nuke.umap
[2017.05.26-07.32.40:101][ 26]MapCheck: New page: Map Check
[2017.05.26-07.32.40:101][ 26]LightingResults: New page: Lighting Build
[2017.05.26-07.32.40:167][ 26]LogEditorServer: Finished looking for orphan Actors (0.000 secs)
[2017.05.26-07.32.40:215][ 26]Cmd: MAP CHECKDEP NOCLEARLOG
[2017.05.26-07.32.40:300][ 26]MapCheck: Info Map check complete: 0 Error(s), 0 Warning(s), took 84.483ms to complete.
[2017.05.26-07.32.40:301][ 26]LogFileHelpers: Loading map 'de_Nuke' took 0.206
[2017.05.26-07.33.00:950][ 55]LogEditorViewport: Clicking on Actor (LMB): BlockingVolume (BlockingVolume25)
[2017.05.26-07.33.21:107][826]LogEditorViewport: Clicking on Actor (LMB): BlockingVolume (BlockingVolume29)
[2017.05.26-07.33.21:108][826]LogGeometryMode:Warning: Unable to find BlockingVolume29_15 Brush(s) in new BSP
[2017.05.26-07.33.21:108][826]LogGeometryMode:Warning: Unable to find all previously selected geometry data, resetting selection
[2017.05.26-07.33.50:559][185]LogEditorViewport: Clicking on Actor (LMB): Pavlov_Spawn (Pavlov_Spawn10)
[2017.05.26-07.33.54:350][505]LogNavigationPoint: PostEditMove Clear paths rebuilt
[2017.05.26-07.33.57:416][789]LogEditorViewport: Clicking on Actor (LMB): Pavlov_Spawn (Pavlov_Spawn10)
[2017.05.26-07.33.58:272][862]Cmd: DELETE
[2017.05.26-07.33.58:272][862]Cmd: ACTOR DELETE
[2017.05.26-07.33.58:279][862]LogEditorActor: Deleted Actor: Pavlov_Spawn
[2017.05.26-07.33.58:304][862]LogEditorActor: Deleted 1 Actors (0.032 secs)
[2017.05.26-07.34.10:739][168]LogEditorViewport: Clicking on Actor (LMB): BlockingVolume (BlockingVolume33)
[2017.05.26-07.34.10:739][168]LogGeometryMode:Warning: Unable to find BlockingVolume33_27 Brush(s) in new BSP
[2017.05.26-07.34.10:739][168]LogGeometryMode:Warning: Unable to find all previously selected geometry data, resetting selection
[2017.05.26-07.34.32:521][108]LogGeometryMode:Warning: Unable to find BoxBrush117 Brush(s) in new BSP
[2017.05.26-07.34.32:521][108]LogGeometryMode:Warning: Unable to find all previously selected geometry data, resetting selection
[2017.05.26-07.34.37:078][539]LogEditorViewport: Clicking on Actor (LMB): BlockingVolume (BlockingVolume33)
[2017.05.26-07.34.37:079][539]LogGeometryMode:Warning: Unable to find BlockingVolume33_27 Brush(s) in new BSP
[2017.05.26-07.34.37:079][539]LogGeometryMode:Warning: Unable to find all previously selected geometry data, resetting selection
[2017.05.26-07.35.05:051][952]LogGeometryMode:Warning: Unable to find BoxBrush Brush(s) in new BSP
[2017.05.26-07.35.05:051][952]LogGeometryMode:Warning: Unable to find all previously selected geometry data, resetting selection
[2017.05.26-07.35.10:783][459]LogGeometryMode:Warning: Unable to find TopFloorPlane2 Brush(s) in new BSP
[2017.05.26-07.35.10:783][459]LogGeometryMode:Warning: Unable to find all previously selected geometry data, resetting selection
[2017.05.26-07.35.13:662][696]LogEditorViewport: Clicking on Actor (LMB): BlockingVolume (BlockingVolume33)
[2017.05.26-07.35.33:692][346]LogEditorViewport: Clicking on Actor (LMB): BlockingVolume (BlockingVolume32)
[2017.05.26-07.35.33:692][346]LogGeometryMode:Warning: Unable to find BlockingVolume32_24 Brush(s) in new BSP
[2017.05.26-07.35.33:692][346]LogGeometryMode:Warning: Unable to find all previously selected geometry data, resetting selection
[2017.05.26-07.36.17:419][879]LogGeometryMode:Warning: Unable to find BoxBrush94 Brush(s) in new BSP
[2017.05.26-07.36.17:419][879]LogGeometryMode:Warning: Unable to find all previously selected geometry data, resetting selection
[2017.05.26-07.36.21:263][222]LogEditorViewport: Clicking on Actor (LMB): BlockingVolume (BlockingVolume32)
[2017.05.26-07.36.37:853][630]LogEditorViewport: Clicking on Actor (LMB): Pavlov_Spawn (Pavlov_Spawn13)
[2017.05.26-07.36.40:786][900]LogNavigationPoint: PostEditMove Clear paths rebuilt
[2017.05.26-07.36.42:215][ 29]LogEditorViewport: Clicking on Actor (LMB): Pavlov_Spawn (Pavlov_Spawn13)
[2017.05.26-07.36.42:810][ 81]Cmd: DELETE
[2017.05.26-07.36.42:811][ 81]Cmd: ACTOR DELETE
[2017.05.26-07.36.42:820][ 81]LogEditorActor: Deleted Actor: Pavlov_Spawn
[2017.05.26-07.36.42:842][ 81]LogEditorActor: Deleted 1 Actors (0.032 secs)
[2017.05.26-07.36.43:422][146]LogEditorViewport: Clicking on Actor (LMB): Pavlov_Spawn (Pavlov_Spawn15)
[2017.05.26-07.36.50:856][834]LogEditorViewport: Clicking on Actor (LMB): Pavlov_Spawn (Pavlov_Spawn19)
[2017.05.26-07.36.53:585][ 92]LogNavigationPoint: PostEditMove Clear paths rebuilt
[2017.05.26-07.36.55:002][217]LogEditorViewport: Clicking on Actor (LMB): Pavlov_Spawn (Pavlov_Spawn19)
[2017.05.26-07.36.55:774][286]Cmd: DELETE
[2017.05.26-07.36.55:776][286]Cmd: ACTOR DELETE
[2017.05.26-07.36.55:785][286]LogEditorActor: Deleted Actor: Pavlov_Spawn
[2017.05.26-07.36.55:807][286]LogEditorActor: Deleted 1 Actors (0.031 secs)
[2017.05.26-07.36.57:693][506]LogEditorViewport: Clicking on Actor (LMB): Pavlov_Spawn (Pavlov_Spawn20)
[2017.05.26-07.37.16:091][123]LogSavePackage: Save=1357.48ms
[2017.05.26-07.37.16:091][123]LogSavePackage: Moving 'F:/Game Dev and 3D/Unreal/Pavlov/PavlovTemplate2/Saved/de_Nuke87C97BCD40B09EE9DF33D0B7D2CAD403.tmp' to 'F:/Game Dev and 3D/Unreal/Pavlov/PavlovTemplate2/Content/CustomMaps/UGC932402093/de_Nuke.umap'
[2017.05.26-07.37.16:103][123]LogSavePackage:Display: Finished SavePackage F:/Game Dev and 3D/Unreal/Pavlov/PavlovTemplate2/Content/CustomMaps/UGC932402093/de_Nuke.umap
[2017.05.26-07.37.16:145][123]LogFileHelpers: Saving map 'de_Nuke' took 1.555
[2017.05.26-07.39.01:579][439]CustomMapToolsLog: Adding to paklist BasicShapes/BasicShapeMaterial.uasset
[2017.05.26-07.39.01:579][439]CustomMapToolsLog: Adding to paklist BasicShapes/Cone.uasset
[2017.05.26-07.39.01:579][439]CustomMapToolsLog: Adding to paklist BasicShapes/Cube.uasset
[2017.05.26-07.39.01:579][439]CustomMapToolsLog: Adding to paklist BasicShapes/Cylinder.uasset
[2017.05.26-07.39.01:579][439]CustomMapToolsLog: Adding to paklist BasicShapes/Plane.uasset
[2017.05.26-07.39.01:579][439]CustomMapToolsLog: Adding to paklist BasicShapes/Sphere.uasset
[2017.05.26-07.39.01:579][439]CustomMapToolsLog: Adding to paklist Crates/Largelong_crate.uasset
[2017.05.26-07.39.01:579][439]CustomMapToolsLog: Adding to paklist Crates/MidLarge_crate_ridge.uasset
[2017.05.26-07.39.01:579][439]CustomMapToolsLog: Adding to paklist Crates/Midlong_Crate.uasset
[2017.05.26-07.39.01:579][439]CustomMapToolsLog: Adding to paklist Crates/Midsize_crate_noridge.uasset
[2017.05.26-07.39.01:579][439]CustomMapToolsLog: Adding to paklist Crates/smallLong_crate.uasset
[2017.05.26-07.39.01:579][439]CustomMapToolsLog: Adding to paklist Crates/small_crate1.uasset
[2017.05.26-07.39.01:579][439]CustomMapToolsLog: Adding to paklist Crates/small_crate2.uasset
[2017.05.26-07.39.01:579][439]CustomMapToolsLog: Adding to paklist Crates/Toxic_Box1.uasset
[2017.05.26-07.39.01:579][439]CustomMapToolsLog: Adding to paklist definition.uasset
[2017.05.26-07.39.01:579][439]CustomMapToolsLog: Adding to paklist de_Nuke.umap
[2017.05.26-07.39.01:579][439]CustomMapToolsLog: Adding to paklist de_Nuke_BuiltData.uasset
[2017.05.26-07.39.01:579][439]CustomMapToolsLog: Adding to paklist Images/csgo_nukeoverview.uasset
[2017.05.26-07.39.01:579][439]CustomMapToolsLog: Adding to paklist Images/csgo_nukeoverview_Mat.uasset
[2017.05.26-07.39.01:579][439]CustomMapToolsLog: Adding to paklist Images/de_nuke.uasset
[2017.05.26-07.39.01:579][439]CustomMapToolsLog: Adding to paklist MapTemplates/Bokeh_5Sides.uasset
[2017.05.26-07.39.01:579][439]CustomMapToolsLog: Adding to paklist MapTemplates/CloudDensityShadowing.uasset
[2017.05.26-07.39.01:579][439]CustomMapToolsLog: Adding to paklist MapTemplates/CloudHemisphereShadowing.uasset
[2017.05.26-07.39.01:579][439]CustomMapToolsLog: Adding to paklist MapTemplates/CloudRimLighting.uasset
[2017.05.26-07.39.01:579][439]CustomMapToolsLog: Adding to paklist MapTemplates/CloudShadowSample.uasset
[2017.05.26-07.39.01:579][439]CustomMapToolsLog: Adding to paklist MapTemplates/CloudShadowSample4Iterations.uasset
[2017.05.26-07.39.01:579][439]CustomMapToolsLog: Adding to paklist MapTemplates/CloudShadowSample4Iterations_Hem.uasset
[2017.05.26-07.39.01:579][439]CustomMapToolsLog: Adding to paklist MapTemplates/daylight.uasset
[2017.05.26-07.39.01:579][439]CustomMapToolsLog: Adding to paklist MapTemplates/lut/LUT_Afternoon.uasset
[2017.05.26-07.39.01:579][439]CustomMapToolsLog: Adding to paklist MapTemplates/lut/LUT_Daytime.uasset
[2017.05.26-07.39.01:579][439]CustomMapToolsLog: Adding to paklist MapTemplates/lut/LUT_Morning.uasset
[2017.05.26-07.39.01:579][439]CustomMapToolsLog: Adding to paklist MapTemplates/lut/LUT_Night.uasset
[2017.05.26-07.39.01:579][439]CustomMapToolsLog: Adding to paklist MapTemplates/MASTER_Sky_Material.uasset
[2017.05.26-07.39.01:579][439]CustomMapToolsLog: Adding to paklist MapTemplates/MASTER_Sky_Material_DEFAULT_MAP.uasset
[2017.05.26-07.39.01:579][439]CustomMapToolsLog: Adding to paklist MapTemplates/Materials/BasicAsset01.uasset
[2017.05.26-07.39.01:579][439]CustomMapToolsLog: Adding to paklist MapTemplates/Materials/BasicAsset02.uasset
[2017.05.26-07.39.01:579][439]CustomMapToolsLog: Adding to paklist MapTemplates/Materials/BasicAsset03.uasset
[2017.05.26-07.39.01:579][439]CustomMapToolsLog: Adding to paklist MapTemplates/Materials/BasicTemplateMaterial.uasset
[2017.05.26-07.39.01:579][439]CustomMapToolsLog: Adding to paklist MapTemplates/Materials/Default.uasset
[2017.05.26-07.39.01:579][439]CustomMapToolsLog: Adding to paklist MapTemplates/Materials/ML_ExampleMaterialLayer.uasset
[2017.05.26-07.39.01:579][439]CustomMapToolsLog: Adding to paklist MapTemplates/Sky/DaylightAmbientCubemap.uasset
[2017.05.26-07.39.01:579][439]CustomMapToolsLog: Adding to paklist MapTemplates/Sky/DaylightAmbientCubemap_Mat.uasset
[2017.05.26-07.39.01:579][439]CustomMapToolsLog: Adding to paklist MapTemplates/Sky/Desert_Outer_HDR.uasset
[2017.05.26-07.39.01:579][439]CustomMapToolsLog: Adding to paklist MapTemplates/Sky/Desert_Outer_HDR_Mat.uasset
[2017.05.26-07.39.01:579][439]CustomMapToolsLog: Adding to paklist MapTemplates/Sky/M_BlackBackground.uasset
[2017.05.26-07.39.01:579][439]CustomMapToolsLog: Adding to paklist MapTemplates/Sky/M_Procedural_Sky_Afternoon.uasset
[2017.05.26-07.39.01:579][439]CustomMapToolsLog: Adding to paklist MapTemplates/Sky/M_Procedural_Sky_Daytime.uasset
[2017.05.26-07.39.01:579][439]CustomMapToolsLog: Adding to paklist MapTemplates/Sky/M_Procedural_Sky_MASTER02.uasset
[2017.05.26-07.39.01:579][439]CustomMapToolsLog: Adding to paklist MapTemplates/Sky/M_Procedural_Sky_MASTER022.uasset
[2017.05.26-07.39.01:579][439]CustomMapToolsLog: Adding to paklist MapTemplates/Sky/M_Procedural_Sky_MASTER_UE4.uasset
[2017.05.26-07.39.01:579][439]CustomMapToolsLog: Adding to paklist MapTemplates/Sky/M_Procedural_Sky_Morning.uasset
[2017.05.26-07.39.01:579][439]CustomMapToolsLog: Adding to paklist MapTemplates/Sky/M_Procedural_Sky_Morning_UE4.uasset
[2017.05.26-07.39.01:579][439]CustomMapToolsLog: Adding to paklist MapTemplates/Sky/M_Procedural_Sky_Night.uasset
[2017.05.26-07.39.01:579][439]CustomMapToolsLog: Adding to paklist MapTemplates/Sky/SM_SkySphere.uasset
[2017.05.26-07.39.01:579][439]CustomMapToolsLog: Adding to paklist MapTemplates/Sky/SunsetAmbientCubemap.uasset
[2017.05.26-07.39.01:579][439]CustomMapToolsLog: Adding to paklist MapTemplates/Sky/T_Sky_Stars.uasset
[2017.05.26-07.39.01:579][439]CustomMapToolsLog: Adding to paklist MapTemplates/Sky/T_UDK_Sky_CloudMask01_N.uasset
[2017.05.26-07.39.01:579][439]CustomMapToolsLog: Adding to paklist MapTemplates/SM_Template_Map_Floor.uasset
[2017.05.26-07.39.01:579][439]CustomMapToolsLog: Adding to paklist MapTemplates/TestCard.uasset
[2017.05.26-07.39.01:579][439]CustomMapToolsLog: Adding to paklist MapTemplates/TilingNoise05.uasset
[2017.05.26-07.39.01:579][439]CustomMapToolsLog: Adding to paklist MapTemplates/T_ScreenDirt02_w.uasset
[2017.05.26-07.39.01:579][439]CustomMapToolsLog: Adding to paklist MapTemplates/T_UDK_Sky_CloudMask03.uasset
[2017.05.26-07.39.01:579][439]CustomMapToolsLog: Adding to paklist Props/LAdder_Placeholder.uasset
[2017.05.26-07.39.01:579][439]CustomMapToolsLog: Adding to paklist Props/Material.uasset
[2017.05.26-07.39.01:580][439]CustomMapToolsLog: Adding to paklist Props/Toxic_Barrel.uasset
[2017.05.26-07.39.03:273][565]CustomMapToolsLog: Adding to paklist BasicShapes/BasicShapeMaterial.uasset
[2017.05.26-07.39.03:273][565]CustomMapToolsLog: Adding to paklist BasicShapes/Cone.uasset
[2017.05.26-07.39.03:273][565]CustomMapToolsLog: Adding to paklist BasicShapes/Cube.uasset
[2017.05.26-07.39.03:273][565]CustomMapToolsLog: Adding to paklist BasicShapes/Cylinder.uasset
[2017.05.26-07.39.03:273][565]CustomMapToolsLog: Adding to paklist BasicShapes/Plane.uasset
[2017.05.26-07.39.03:273][565]CustomMapToolsLog: Adding to paklist BasicShapes/Sphere.uasset
[2017.05.26-07.39.03:273][565]CustomMapToolsLog: Adding to paklist Crates/Largelong_crate.uasset
[2017.05.26-07.39.03:273][565]CustomMapToolsLog: Adding to paklist Crates/MidLarge_crate_ridge.uasset
[2017.05.26-07.39.03:273][565]CustomMapToolsLog: Adding to paklist Crates/Midlong_Crate.uasset
[2017.05.26-07.39.03:273][565]CustomMapToolsLog: Adding to paklist Crates/Midsize_crate_noridge.uasset
[2017.05.26-07.39.03:273][565]CustomMapToolsLog: Adding to paklist Crates/smallLong_crate.uasset
[2017.05.26-07.39.03:273][565]CustomMapToolsLog: Adding to paklist Crates/small_crate1.uasset
[2017.05.26-07.39.03:273][565]CustomMapToolsLog: Adding to paklist Crates/small_crate2.uasset
[2017.05.26-07.39.03:273][565]CustomMapToolsLog: Adding to paklist Crates/Toxic_Box1.uasset
[2017.05.26-07.39.03:273][565]CustomMapToolsLog: Adding to paklist definition.uasset
[2017.05.26-07.39.03:273][565]CustomMapToolsLog: Adding to paklist de_Nuke.umap
[2017.05.26-07.39.03:274][565]CustomMapToolsLog: Adding to paklist de_Nuke_BuiltData.uasset
[2017.05.26-07.39.03:274][565]CustomMapToolsLog: Adding to paklist Images/csgo_nukeoverview.uasset
[2017.05.26-07.39.03:274][565]CustomMapToolsLog: Adding to paklist Images/csgo_nukeoverview_Mat.uasset
[2017.05.26-07.39.03:274][565]CustomMapToolsLog: Adding to paklist Images/de_nuke.uasset
[2017.05.26-07.39.03:274][565]CustomMapToolsLog: Adding to paklist MapTemplates/Bokeh_5Sides.uasset
[2017.05.26-07.39.03:274][565]CustomMapToolsLog: Adding to paklist MapTemplates/CloudDensityShadowing.uasset
[2017.05.26-07.39.03:274][565]CustomMapToolsLog: Adding to paklist MapTemplates/CloudHemisphereShadowing.uasset
[2017.05.26-07.39.03:274][565]CustomMapToolsLog: Adding to paklist MapTemplates/CloudRimLighting.uasset
[2017.05.26-07.39.03:274][565]CustomMapToolsLog: Adding to paklist MapTemplates/CloudShadowSample.uasset
[2017.05.26-07.39.03:274][565]CustomMapToolsLog: Adding to paklist MapTemplates/CloudShadowSample4Iterations.uasset
[2017.05.26-07.39.03:274][565]CustomMapToolsLog: Adding to paklist MapTemplates/CloudShadowSample4Iterations_Hem.uasset
[2017.05.26-07.39.03:274][565]CustomMapToolsLog: Adding to paklist MapTemplates/daylight.uasset
[2017.05.26-07.39.03:274][565]CustomMapToolsLog: Adding to paklist MapTemplates/lut/LUT_Afternoon.uasset
[2017.05.26-07.39.03:274][565]CustomMapToolsLog: Adding to paklist MapTemplates/lut/LUT_Daytime.uasset
[2017.05.26-07.39.03:274][565]CustomMapToolsLog: Adding to paklist MapTemplates/lut/LUT_Morning.uasset
[2017.05.26-07.39.03:274][565]CustomMapToolsLog: Adding to paklist MapTemplates/lut/LUT_Night.uasset
[2017.05.26-07.39.03:274][565]CustomMapToolsLog: Adding to paklist MapTemplates/MASTER_Sky_Material.uasset
[2017.05.26-07.39.03:274][565]CustomMapToolsLog: Adding to paklist MapTemplates/MASTER_Sky_Material_DEFAULT_MAP.uasset
[2017.05.26-07.39.03:274][565]CustomMapToolsLog: Adding to paklist MapTemplates/Materials/BasicAsset01.uasset
[2017.05.26-07.39.03:274][565]CustomMapToolsLog: Adding to paklist MapTemplates/Materials/BasicAsset02.uasset
[2017.05.26-07.39.03:274][565]CustomMapToolsLog: Adding to paklist MapTemplates/Materials/BasicAsset03.uasset
[2017.05.26-07.39.03:274][565]CustomMapToolsLog: Adding to paklist MapTemplates/Materials/BasicTemplateMaterial.uasset
[2017.05.26-07.39.03:274][565]CustomMapToolsLog: Adding to paklist MapTemplates/Materials/Default.uasset
[2017.05.26-07.39.03:274][565]CustomMapToolsLog: Adding to paklist MapTemplates/Materials/ML_ExampleMaterialLayer.uasset
[2017.05.26-07.39.03:274][565]CustomMapToolsLog: Adding to paklist MapTemplates/Sky/DaylightAmbientCubemap.uasset
[2017.05.26-07.39.03:274][565]CustomMapToolsLog: Adding to paklist MapTemplates/Sky/DaylightAmbientCubemap_Mat.uasset
[2017.05.26-07.39.03:274][565]CustomMapToolsLog: Adding to paklist MapTemplates/Sky/Desert_Outer_HDR.uasset
[2017.05.26-07.39.03:274][565]CustomMapToolsLog: Adding to paklist MapTemplates/Sky/Desert_Outer_HDR_Mat.uasset
[2017.05.26-07.39.03:274][565]CustomMapToolsLog: Adding to paklist MapTemplates/Sky/M_BlackBackground.uasset
[2017.05.26-07.39.03:274][565]CustomMapToolsLog: Adding to paklist MapTemplates/Sky/M_Procedural_Sky_Afternoon.uasset
[2017.05.26-07.39.03:274][565]CustomMapToolsLog: Adding to paklist MapTemplates/Sky/M_Procedural_Sky_Daytime.uasset
[2017.05.26-07.39.03:274][565]CustomMapToolsLog: Adding to paklist MapTemplates/Sky/M_Procedural_Sky_MASTER02.uasset
[2017.05.26-07.39.03:274][565]CustomMapToolsLog: Adding to paklist MapTemplates/Sky/M_Procedural_Sky_MASTER022.uasset
[2017.05.26-07.39.03:274][565]CustomMapToolsLog: Adding to paklist MapTemplates/Sky/M_Procedural_Sky_MASTER_UE4.uasset
[2017.05.26-07.39.03:274][565]CustomMapToolsLog: Adding to paklist MapTemplates/Sky/M_Procedural_Sky_Morning.uasset
[2017.05.26-07.39.03:274][565]CustomMapToolsLog: Adding to paklist MapTemplates/Sky/M_Procedural_Sky_Morning_UE4.uasset
[2017.05.26-07.39.03:274][565]CustomMapToolsLog: Adding to paklist MapTemplates/Sky/M_Procedural_Sky_Night.uasset
[2017.05.26-07.39.03:274][565]CustomMapToolsLog: Adding to paklist MapTemplates/Sky/SM_SkySphere.uasset
[2017.05.26-07.39.03:274][565]CustomMapToolsLog: Adding to paklist MapTemplates/Sky/SunsetAmbientCubemap.uasset
[2017.05.26-07.39.03:274][565]CustomMapToolsLog: Adding to paklist MapTemplates/Sky/T_Sky_Stars.uasset
[2017.05.26-07.39.03:274][565]CustomMapToolsLog: Adding to paklist MapTemplates/Sky/T_UDK_Sky_CloudMask01_N.uasset
[2017.05.26-07.39.03:274][565]CustomMapToolsLog: Adding to paklist MapTemplates/SM_Template_Map_Floor.uasset
[2017.05.26-07.39.03:274][565]CustomMapToolsLog: Adding to paklist MapTemplates/TestCard.uasset
[2017.05.26-07.39.03:274][565]CustomMapToolsLog: Adding to paklist MapTemplates/TilingNoise05.uasset
[2017.05.26-07.39.03:274][565]CustomMapToolsLog: Adding to paklist MapTemplates/T_ScreenDirt02_w.uasset
[2017.05.26-07.39.03:274][565]CustomMapToolsLog: Adding to paklist MapTemplates/T_UDK_Sky_CloudMask03.uasset
[2017.05.26-07.39.03:274][565]CustomMapToolsLog: Adding to paklist Props/LAdder_Placeholder.uasset
[2017.05.26-07.39.03:274][565]CustomMapToolsLog: Adding to paklist Props/Material.uasset
[2017.05.26-07.39.03:274][565]CustomMapToolsLog: Adding to paklist Props/Toxic_Barrel.uasset
[2017.05.26-07.39.03:902][610]CustomMapToolsLog: Submiting content to APP: 555160  Item: 932402093
[2017.05.26-07.39.14:294][440]CustomMapToolsLog: Content submision succeeded
[2017.05.26-13.27.44:257][714]LogWindowsTextInputMethodSystem:Display: IME system now deactivated.
[2017.05.26-13.27.44:257][714]LogWindowsTextInputMethodSystem:Display: IME system now deactivated.
[2017.05.26-13.27.44:475][715]Cmd: QUIT_EDITOR
[2017.05.26-13.27.44:560][715]LogExit: Preparing to exit.
[2017.05.26-13.27.45:007][715]LogExit: Editor shut down
[2017.05.26-13.27.45:008][715]LogExit: Transaction tracking system shut down
[2017.05.26-13.27.45:083][715]LogObj: Freed 0b from 0 cluster array pools.
[2017.05.26-13.27.45:083][715]LogExit: Object subsystem successfully closed.
[2017.05.26-13.27.45:099][715]LogD3D11RHI: Shutdown
[2017.05.26-13.27.45:099][715]LogD3D11RHI: CleanupD3DDevice
[2017.05.26-13.27.45:174][715]LogD3D11RHI: ~FD3D11DynamicRHI
[2017.05.26-13.27.45:186][715]LogModuleManager: Shutting down and abandoning module HierarchicalLODOutliner (502)
[2017.05.26-13.27.45:186][715]LogModuleManager: Shutting down and abandoning module CrashTracker (500)
[2017.05.26-13.27.45:186][715]LogModuleManager: Shutting down and abandoning module SceneOutliner (498)
[2017.05.26-13.27.45:186][715]LogModuleManager: Shutting down and abandoning module AddContentDialog (496)
[2017.05.26-13.27.45:186][715]LogDirectoryWatcher: A directory notification for 'D:/Program Files/Epic Games/Epic Games/UE_4.15/FeaturePacks/' was aborted.
[2017.05.26-13.27.45:188][715]LogModuleManager: Shutting down and abandoning module WidgetCarousel (495)
[2017.05.26-13.27.45:188][715]LogModuleManager: Shutting down and abandoning module EditorWidgets (492)
[2017.05.26-13.27.45:188][715]LogModuleManager: Shutting down and abandoning module CollectionManager (490)
[2017.05.26-13.27.45:188][715]LogDirectoryWatcher: A directory notification for 'F:/Game Dev and 3D/Unreal/Pavlov/PavlovTemplate2/Content/Collections/' was aborted.
[2017.05.26-13.27.45:188][715]LogDirectoryWatcher: A directory notification for 'F:/Game Dev and 3D/Unreal/Pavlov/PavlovTemplate2/Content/Developers/MOTYS/Collections/' was aborted.
[2017.05.26-13.27.45:188][715]LogDirectoryWatcher: A directory notification for 'F:/Game Dev and 3D/Unreal/Pavlov/PavlovTemplate2/Saved/Collections/' was aborted.
[2017.05.26-13.27.45:188][715]LogModuleManager: Shutting down and abandoning module StatsViewer (488)
[2017.05.26-13.27.45:188][715]LogModuleManager: Shutting down and abandoning module FoliageEdit (486)
[2017.05.26-13.27.45:188][715]LogModuleManager: Shutting down and abandoning module LandscapeEditor (484)
[2017.05.26-13.27.45:188][715]LogModuleManager: Shutting down and abandoning module SceneDepthPickerMode (482)
[2017.05.26-13.27.45:188][715]LogModuleManager: Shutting down and abandoning module ActorPickerMode (480)
[2017.05.26-13.27.45:188][715]LogModuleManager: Shutting down and abandoning module GeometryMode (478)
[2017.05.26-13.27.45:188][715]LogModuleManager: Shutting down and abandoning module TextureAlignMode (476)
[2017.05.26-13.27.45:188][715]LogModuleManager: Shutting down and abandoning module BspMode (474)
[2017.05.26-13.27.45:188][715]LogModuleManager: Shutting down and abandoning module HardwareSurvey (472)
[2017.05.26-13.27.45:188][715]LogModuleManager: Shutting down and abandoning module SequenceRecorderSections (470)
[2017.05.26-13.27.45:188][715]LogModuleManager: Shutting down and abandoning module AutomationWorker (468)
[2017.05.26-13.27.45:188][715]LogModuleManager: Shutting down and abandoning module CustomMapTools (466)
[2017.05.26-13.27.45:189][715]LogModuleManager: Shutting down and abandoning module MatineeToLevelSequence (464)
[2017.05.26-13.27.45:189][715]LogModuleManager: Shutting down and abandoning module LevelSequenceEditor (462)
[2017.05.26-13.27.45:189][715]LogModuleManager: Shutting down and abandoning module PlacementMode (461)
[2017.05.26-13.27.45:189][715]LogModuleManager: Shutting down and abandoning module WmfMediaFactory (458)
[2017.05.26-13.27.45:189][715]LogModuleManager: Shutting down and abandoning module WmfMediaEditor (456)
[2017.05.26-13.27.45:189][715]LogModuleManager: Shutting down and abandoning module MfMediaFactory (454)
[2017.05.26-13.27.45:189][715]LogModuleManager: Shutting down and abandoning module MfMediaEditor (452)
[2017.05.26-13.27.45:189][715]LogModuleManager: Shutting down and abandoning module AvfMediaFactory (450)
[2017.05.26-13.27.45:189][715]LogModuleManager: Shutting down and abandoning module AvfMediaEditor (448)
[2017.05.26-13.27.45:189][715]LogModuleManager: Shutting down and abandoning module AndroidMediaFactory (446)
[2017.05.26-13.27.45:189][715]LogModuleManager: Shutting down and abandoning module Media (445)
[2017.05.26-13.27.45:189][715]LogModuleManager: Shutting down and abandoning module AndroidMediaEditor (442)
[2017.05.26-13.27.45:189][715]LogModuleManager: Shutting down and abandoning module CharacterAI (440)
[2017.05.26-13.27.45:189][715]LogModuleManager: Shutting down and abandoning module AudioCapture (438)
[2017.05.26-13.27.45:189][715]LogModuleManager: Shutting down and abandoning module SequenceRecorder (437)
[2017.05.26-13.27.45:189][715]LogModuleManager: Shutting down and abandoning module SmartSnapping (434)
[2017.05.26-13.27.45:189][715]LogModuleManager: Shutting down and abandoning module SessionServices (432)
[2017.05.26-13.27.45:189][715]LogModuleManager: Shutting down and abandoning module ViewportSnapping (430)
[2017.05.26-13.27.45:189][715]LogModuleManager: Shutting down and abandoning module ViewportInteraction (428)
[2017.05.26-13.27.45:189][715]LogModuleManager: Shutting down and abandoning module LogVisualizer (426)
[2017.05.26-13.27.45:189][715]LogModuleManager: Shutting down and abandoning module IntroTutorials (424)
[2017.05.26-13.27.45:189][715]LogModuleManager: Shutting down and abandoning module GameProjectGeneration (423)
[2017.05.26-13.27.45:189][715]LogModuleManager: Shutting down and abandoning module EditorLiveStreaming (420)
[2017.05.26-13.27.45:189][715]LogModuleManager: Shutting down and abandoning module IOSPlatformEditor (418)
[2017.05.26-13.27.45:189][715]LogModuleManager: Shutting down and abandoning module HTML5PlatformEditor (416)
[2017.05.26-13.27.45:189][715]LogModuleManager: Shutting down and abandoning module AndroidPlatformEditor (414)
[2017.05.26-13.27.45:189][715]LogModuleManager: Shutting down and abandoning module AndroidDeviceDetection (413)
[2017.05.26-13.27.46:132][715]LogModuleManager: Shutting down and abandoning module IOSRuntimeSettings (410)
[2017.05.26-13.27.46:132][715]LogModuleManager: Shutting down and abandoning module AndroidRuntimeSettings (408)
[2017.05.26-13.27.46:132][715]LogModuleManager: Shutting down and abandoning module InputBindingEditor (406)
[2017.05.26-13.27.46:132][715]LogModuleManager: Shutting down and abandoning module NiagaraEditor (404)
[2017.05.26-13.27.46:132][715]LogModuleManager: Shutting down and abandoning module MergeActors (402)
[2017.05.26-13.27.46:132][715]LogModuleManager: Shutting down and abandoning module SizeMap (400)
[2017.05.26-13.27.46:132][715]LogModuleManager: Shutting down and abandoning module TreeMap (398)
[2017.05.26-13.27.46:132][715]LogModuleManager: Shutting down and abandoning module ReferenceViewer (396)
[2017.05.26-13.27.46:132][715]LogModuleManager: Shutting down and abandoning module LocalizationDashboard (394)
[2017.05.26-13.27.46:132][715]LogModuleManager: Shutting down and abandoning module LocalizationService (393)
[2017.05.26-13.27.46:132][715]LogModuleManager: Shutting down and abandoning module HardwareTargeting (390)
[2017.05.26-13.27.46:132][715]LogModuleManager: Shutting down and abandoning module DeviceProfileEditor (388)
[2017.05.26-13.27.46:132][715]LogModuleManager: Shutting down and abandoning module UndoHistory (386)
[2017.05.26-13.27.46:132][715]LogModuleManager: Shutting down and abandoning module UserFeedback (384)
[2017.05.26-13.27.46:132][715]LogModuleManager: Shutting down and abandoning module XmlParser (382)
[2017.05.26-13.27.46:133][715]LogModuleManager: Shutting down and abandoning module Blutility (380)
[2017.05.26-13.27.46:133][715]LogModuleManager: Shutting down and abandoning module ProjectSettingsViewer (378)
[2017.05.26-13.27.46:133][715]LogModuleManager: Shutting down and abandoning module ProjectTargetPlatformEditor (377)
[2017.05.26-13.27.46:133][715]LogModuleManager: Shutting down and abandoning module EditorSettingsViewer (374)
[2017.05.26-13.27.46:133][715]LogModuleManager: Shutting down and abandoning module SettingsEditor (372)
[2017.05.26-13.27.46:133][715]LogModuleManager: Shutting down and abandoning module ProjectLauncher (370)
[2017.05.26-13.27.46:133][715]LogModuleManager: Shutting down and abandoning module SessionFrontend (368)
[2017.05.26-13.27.46:133][715]LogModuleManager: Shutting down and abandoning module ProfilerClient (366)
[2017.05.26-13.27.46:133][715]LogModuleManager: Shutting down and abandoning module DeviceManager (364)
[2017.05.26-13.27.46:133][715]LogModuleManager: Shutting down and abandoning module TargetDeviceServices (363)
[2017.05.26-13.27.46:178][715]LogModuleManager: Shutting down and abandoning module AutomationController (360)
[2017.05.26-13.27.46:178][715]LogModuleManager: Shutting down and abandoning module AutomationWindow (358)
[2017.05.26-13.27.46:178][715]LogModuleManager: Shutting down and abandoning module Layers (356)
[2017.05.26-13.27.46:178][715]LogModuleManager: Shutting down and abandoning module ComponentVisualizers (354)
[2017.05.26-13.27.46:178][715]LogModuleManager: Shutting down and abandoning module DetailCustomizations (352)
[2017.05.26-13.27.46:178][715]LogModuleManager: Shutting down and abandoning module PackagesDialog (350)
[2017.05.26-13.27.46:178][715]LogModuleManager: Shutting down and abandoning module Persona (348)
[2017.05.26-13.27.46:178][715]LogModuleManager: Shutting down and abandoning module AnimGraph (347)
[2017.05.26-13.27.46:178][715]LogModuleManager: Shutting down and abandoning module Kismet (344)
[2017.05.26-13.27.46:178][715]LogModuleManager: Shutting down and abandoning module GraphEditor (342)
[2017.05.26-13.27.46:178][715]LogModuleManager: Shutting down and abandoning module ClassViewer (340)
[2017.05.26-13.27.46:178][715]LogModuleManager: Shutting down and abandoning module Toolbox (338)
[2017.05.26-13.27.46:178][715]LogModuleManager: Shutting down and abandoning module ModuleUI (336)
[2017.05.26-13.27.46:178][715]LogModuleManager: Shutting down and abandoning module MovieSceneTools (334)
[2017.05.26-13.27.46:178][715]LogModuleManager: Shutting down and abandoning module OutputLog (332)
[2017.05.26-13.27.46:179][715]LogModuleManager: Shutting down and abandoning module GammaUI (330)
[2017.05.26-13.27.46:179][715]LogModuleManager: Shutting down and abandoning module Documentation (328)
[2017.05.26-13.27.46:179][715]LogModuleManager: Shutting down and abandoning module Niagara (326)
[2017.05.26-13.27.46:179][715]LogModuleManager: Shutting down and abandoning module StreamingPauseRendering (324)
[2017.05.26-13.27.46:179][715]LogModuleManager: Shutting down and abandoning module AnalyticsET (322)
[2017.05.26-13.27.46:179][715]LogModuleManager: Shutting down and abandoning module PortalServices (320)
[2017.05.26-13.27.46:179][715]LogModuleManager: Shutting down and abandoning module PortalRpc (318)
[2017.05.26-13.27.46:179][715]LogModuleManager: Shutting down and abandoning module MessagingRpc (316)
[2017.05.26-13.27.46:179][715]LogModuleManager: Shutting down and abandoning module AIModule (314)
[2017.05.26-13.27.46:179][715]LogModuleManager: Shutting down and abandoning module GameplayDebugger (313)
[2017.05.26-13.27.46:179][715]LogModuleManager: Shutting down and abandoning module AITestSuite (311)
[2017.05.26-13.27.46:179][715]LogModuleManager: Shutting down and abandoning module ProfilerService (308)
[2017.05.26-13.27.46:263][715]LogModuleManager: Shutting down and abandoning module TaskGraph (306)
[2017.05.26-13.27.46:263][715]LogModuleManager: Shutting down and abandoning module PavlovProxy (304)
[2017.05.26-13.27.46:263][715]LogModuleManager: Shutting down and abandoning module SteamVRController (302)
[2017.05.26-13.27.46:263][715]LogModuleManager: Shutting down and abandoning module SteamVR (300)
[2017.05.26-13.27.46:264][715]LogModuleManager: Shutting down and abandoning module ProceduralMeshComponentEditor (298)
[2017.05.26-13.27.46:264][715]LogModuleManager: Shutting down and abandoning module ProceduralMeshComponent (296)
[2017.05.26-13.27.46:264][715]LogModuleManager: Shutting down and abandoning module OculusLibrary (294)
[2017.05.26-13.27.46:264][715]LogModuleManager: Shutting down and abandoning module OculusInput (292)
[2017.05.26-13.27.46:264][715]LogModuleManager: Shutting down and abandoning module MobilePatchingUtils (290)
[2017.05.26-13.27.46:264][715]LogModuleManager: Shutting down and abandoning module CustomMeshComponent (288)
[2017.05.26-13.27.46:264][715]LogModuleManager: Shutting down and abandoning module CableComponent (286)
[2017.05.26-13.27.46:264][715]LogModuleManager: Shutting down and abandoning module ArchVisCharacter (284)
[2017.05.26-13.27.46:264][715]LogModuleManager: Shutting down and abandoning module MediaPlayerEditor (280)
[2017.05.26-13.27.46:264][715]LogModuleManager: Shutting down and abandoning module HTML5Networking (278)
[2017.05.26-13.27.46:264][715]LogModuleManager: Shutting down and abandoning module AlembicImporter (276)
[2017.05.26-13.27.46:264][715]LogModuleManager: Shutting down and abandoning module AlembicLibrary (275)
[2017.05.26-13.27.46:264][715]LogModuleManager: Shutting down and abandoning module GeometryCache (274)
[2017.05.26-13.27.46:264][715]LogModuleManager: Shutting down and abandoning module GeometryCacheEd (273)
[2017.05.26-13.27.46:264][715]LogModuleManager: Shutting down and abandoning module SuperSearchEditor (268)
[2017.05.26-13.27.46:264][715]LogModuleManager: Shutting down and abandoning module SuperSearch (267)
[2017.05.26-13.27.46:264][715]LogModuleManager: Shutting down and abandoning module SpeedTreeImporter (264)
[2017.05.26-13.27.46:264][715]LogModuleManager: Shutting down and abandoning module PluginBrowser (262)
[2017.05.26-13.27.46:264][715]LogModuleManager: Shutting down and abandoning module MobileLauncherProfileWizard (260)
[2017.05.26-13.27.46:264][715]LogModuleManager: Shutting down and abandoning module EpicSurvey (258)
[2017.05.26-13.27.46:264][715]LogModuleManager: Shutting down and abandoning module VisualStudioSourceCodeAccess (256)
[2017.05.26-13.27.46:264][715]LogModuleManager: Shutting down and abandoning module DesktopPlatform (255)
[2017.05.26-13.27.46:264][715]LogModuleManager: Shutting down and abandoning module UObjectPlugin (252)
[2017.05.26-13.27.46:264][715]LogModuleManager: Shutting down and abandoning module SubversionSourceControl (250)
[2017.05.26-13.27.46:264][715]LogModuleManager: Shutting down and abandoning module PerforceSourceControl (248)
[2017.05.26-13.27.46:264][715]LogModuleManager: Shutting down and abandoning module GitSourceControl (246)
[2017.05.26-13.27.46:264][715]LogModuleManager: Shutting down and abandoning module SourceControl (245)
[2017.05.26-13.27.46:264][715]LogModuleManager: Shutting down and abandoning module LightPropagationVolumeEditor (242)
[2017.05.26-13.27.46:264][715]LogModuleManager: Shutting down and abandoning module PaperTiledImporter (240)
[2017.05.26-13.27.46:264][715]LogModuleManager: Shutting down and abandoning module PaperSpriteSheetImporter (238)
[2017.05.26-13.27.46:264][715]LogModuleManager: Shutting down and abandoning module Paper2DEditor (236)
[2017.05.26-13.27.46:264][715]LogModuleManager: Shutting down and abandoning module MeshPaint (235)
[2017.05.26-13.27.46:264][715]LogModuleManager: Shutting down and abandoning module LevelEditor (233)
[2017.05.26-13.27.46:265][715]LogModuleManager: Shutting down and abandoning module PixelInspectorModule (232)
[2017.05.26-13.27.46:265][715]LogModuleManager: Shutting down and abandoning module MainFrame (230)
[2017.05.26-13.27.46:265][715]LogModuleManager: Shutting down and abandoning module HotReload (229)
[2017.05.26-13.27.46:265][715]LogModuleManager: Shutting down and abandoning module ContentBrowser (225)
[2017.05.26-13.27.46:266][715]LogModuleManager: Shutting down and abandoning module PhysXVehiclesEditor (222)
[2017.05.26-13.27.46:266][715]LogModuleManager: Shutting down and abandoning module PhysXVehicles (220)
[2017.05.26-13.27.46:266][715]LogModuleManager: Shutting down and abandoning module LocationServicesBPLibrary (218)
[2017.05.26-13.27.46:266][715]LogModuleManager: Shutting down and abandoning module UdpMessaging (216)
[2017.05.26-13.27.46:367][715]LogModuleManager: Shutting down and abandoning module TcpMessaging (214)
[2017.05.26-13.27.46:468][715]LogModuleManager: Shutting down and abandoning module GameplayTagsEditor (212)
[2017.05.26-13.27.46:468][715]LogModuleManager: Shutting down and abandoning module FacialAnimationEditor (210)
[2017.05.26-13.27.46:468][715]LogModuleManager: Shutting down and abandoning module FacialAnimation (208)
[2017.05.26-13.27.46:468][715]LogModuleManager: Shutting down and abandoning module LightPropagationVolumeRuntime (206)
[2017.05.26-13.27.46:468][715]LogModuleManager: Shutting down and abandoning module Paper2D (204)
[2017.05.26-13.27.46:468][715]LogModuleManager: Shutting down and abandoning module WindowsMoviePlayer (202)
[2017.05.26-13.27.46:468][715]LogModuleManager: Shutting down and abandoning module WmfMedia (200)
[2017.05.26-13.27.46:468][715]LogModuleManager: Shutting down and abandoning module MfMedia (198)
[2017.05.26-13.27.46:468][715]LogModuleManager: Shutting down and abandoning module MediaAssets (196)
[2017.05.26-13.27.46:468][715]LogModuleManager: Shutting down and abandoning module GameLiveStreaming (194)
[2017.05.26-13.27.46:468][715]LogModuleManager: Shutting down and abandoning module VREditor (192)
[2017.05.26-13.27.46:468][715]LogModuleManager: Shutting down and abandoning module GameplayTasksEditor (190)
[2017.05.26-13.27.46:468][715]LogModuleManager: Shutting down and abandoning module BehaviorTreeEditor (188)
[2017.05.26-13.27.46:468][715]LogModuleManager: Shutting down and abandoning module FunctionalTesting (186)
[2017.05.26-13.27.46:468][715]LogModuleManager: Shutting down and abandoning module CollisionAnalyzer (184)
[2017.05.26-13.27.46:468][715]LogModuleManager: Shutting down and abandoning module UMG (182)
[2017.05.26-13.27.46:468][715]LogModuleManager: Shutting down and abandoning module UMGEditor (181)
[2017.05.26-13.27.46:468][715]LogModuleManager: Shutting down and abandoning module Sequencer (180)
[2017.05.26-13.27.46:468][715]LogModuleManager: Shutting down and abandoning module AssetTools (178)
[2017.05.26-13.27.46:468][715]LogModuleManager: Shutting down and abandoning module MessageLog (177)
[2017.05.26-13.27.46:468][715]LogModuleManager: Shutting down and abandoning module WorkspaceMenuStructure (176)
[2017.05.26-13.27.46:468][715]LogModuleManager: Shutting down and abandoning module SlateReflector (170)
[2017.05.26-13.27.46:468][715]LogModuleManager: Shutting down and abandoning module Slate (168)
[2017.05.26-13.27.46:468][715]LogModuleManager: Shutting down and abandoning module EditorStyle (166)
[2017.05.26-13.27.46:471][715]LogModuleManager: Shutting down and abandoning module SourceCodeAccess (164)
[2017.05.26-13.27.46:471][715]LogModuleManager: Shutting down and abandoning module HeadMountedDisplay (162)
[2017.05.26-13.27.46:471][715]LogModuleManager: Shutting down and abandoning module XAudio2 (160)
[2017.05.26-13.27.46:471][715]LogModuleManager: Shutting down and abandoning module Networking (158)
[2017.05.26-13.27.46:471][715]LogModuleManager: Shutting down and abandoning module Core (154)
[2017.05.26-13.27.46:471][715]LogModuleManager: Shutting down and abandoning module AssetRegistry (152)
[2017.05.26-13.27.46:646][715]LogDirectoryWatcher: A directory notification for '../../../Engine/Content/' was aborted.
[2017.05.26-13.27.46:646][715]LogDirectoryWatcher: A directory notification for 'F:/Game Dev and 3D/Unreal/Pavlov/PavlovTemplate2/Content/' was aborted.
[2017.05.26-13.27.46:646][715]LogDirectoryWatcher: A directory notification for '../../../Engine/Plugins/2D/Paper2D/Content/' was aborted.
[2017.05.26-13.27.46:646][715]LogModuleManager: Shutting down and abandoning module DirectoryWatcher (151)
[2017.05.26-13.27.46:648][715]LogModuleManager: Shutting down and abandoning module KismetCompiler (148)
[2017.05.26-13.27.46:648][715]LogModuleManager: Shutting down and abandoning module PhysXFormats (146)
[2017.05.26-13.27.46:648][715]LogModuleManager: Shutting down and abandoning module MeshUtilities (144)
[2017.05.26-13.27.46:648][715]LogModuleManager: Shutting down and abandoning module SimplygonSwarm (143)
[2017.05.26-13.27.46:648][715]LogModuleManager: Shutting down and abandoning module SimplygonMeshReduction (141)
[2017.05.26-13.27.46:648][715]LogModuleManager: Shutting down and abandoning module QuadricMeshReduction (139)
[2017.05.26-13.27.46:648][715]LogModuleManager: Shutting down and abandoning module PropertyEditor (137)
[2017.05.26-13.27.46:648][715]LogModuleManager: Shutting down and abandoning module DerivedDataCache (134)
[2017.05.26-13.27.46:679][715]LogDerivedDataCache: Shutdown
[2017.05.26-13.27.46:679][715]LogModuleManager: Shutting down and abandoning module TargetPlatform (132)
[2017.05.26-13.27.46:679][715]LogModuleManager: Shutting down and abandoning module VulkanShaderFormat (131)
[2017.05.26-13.27.46:679][715]LogModuleManager: Shutting down and abandoning module ShaderFormatOpenGL (129)
[2017.05.26-13.27.46:679][715]LogModuleManager: Shutting down and abandoning module ShaderFormatD3D (127)
[2017.05.26-13.27.46:679][715]LogModuleManager: Shutting down and abandoning module MetalShaderFormat (125)
[2017.05.26-13.27.46:679][715]LogModuleManager: Shutting down and abandoning module TextureFormatUncompressed (123)
[2017.05.26-13.27.46:679][715]LogModuleManager: Shutting down and abandoning module TextureFormatPVR (121)
[2017.05.26-13.27.46:679][715]LogModuleManager: Shutting down and abandoning module TextureFormatDXT (119)
[2017.05.26-13.27.46:679][715]LogModuleManager: Shutting down and abandoning module TextureFormatIntelISPCTexComp (117)
[2017.05.26-13.27.46:680][715]LogModuleManager: Shutting down and abandoning module TextureFormatASTC (115)
[2017.05.26-13.27.46:680][715]LogModuleManager: Shutting down and abandoning module ImageWrapper (114)
[2017.05.26-13.27.46:680][715]LogModuleManager: Shutting down and abandoning module TextureFormatAndroid (111)
[2017.05.26-13.27.46:680][715]LogModuleManager: Shutting down and abandoning module AudioFormatOpus (109)
[2017.05.26-13.27.46:680][715]LogModuleManager: Shutting down and abandoning module AudioFormatOgg (107)
[2017.05.26-13.27.46:680][715]LogModuleManager: Shutting down and abandoning module AudioFormatADPCM (105)
[2017.05.26-13.27.46:680][715]LogModuleManager: Shutting down and abandoning module LinuxTargetPlatform (103)
[2017.05.26-13.27.46:680][715]LogModuleManager: Shutting down and abandoning module LinuxServerTargetPlatform (101)
[2017.05.26-13.27.46:680][715]LogModuleManager: Shutting down and abandoning module LinuxNoEditorTargetPlatform (99)
[2017.05.26-13.27.46:680][715]LogModuleManager: Shutting down and abandoning module LinuxClientTargetPlatform (97)
[2017.05.26-13.27.46:680][715]LogModuleManager: Shutting down and abandoning module TVOSTargetPlatform (95)
[2017.05.26-13.27.46:680][715]LogModuleManager: Shutting down and abandoning module Messaging (93)
[2017.05.26-13.27.46:680][715]LogModuleManager: Shutting down and abandoning module IOSTargetPlatform (91)
[2017.05.26-13.27.46:680][715]LogModuleManager: Shutting down and abandoning module HTML5TargetPlatform (89)
[2017.05.26-13.27.46:680][715]LogModuleManager: Shutting down and abandoning module Android_PVRTCTargetPlatform (87)
[2017.05.26-13.27.46:680][715]LogModuleManager: Shutting down and abandoning module Android_MultiTargetPlatform (85)
[2017.05.26-13.27.46:680][715]LogModuleManager: Shutting down and abandoning module Android_ETC2TargetPlatform (83)
[2017.05.26-13.27.46:680][715]LogModuleManager: Shutting down and abandoning module Android_ETC1TargetPlatform (81)
[2017.05.26-13.27.46:680][715]LogModuleManager: Shutting down and abandoning module Android_DXTTargetPlatform (79)
[2017.05.26-13.27.46:680][715]LogModuleManager: Shutting down and abandoning module Android_ATCTargetPlatform (77)
[2017.05.26-13.27.46:680][715]LogModuleManager: Shutting down and abandoning module Android_ASTCTargetPlatform (75)
[2017.05.26-13.27.46:680][715]LogModuleManager: Shutting down and abandoning module AndroidTargetPlatform (73)
[2017.05.26-13.27.46:680][715]LogModuleManager: Shutting down and abandoning module WindowsTargetPlatform (71)
[2017.05.26-13.27.46:680][715]LogModuleManager: Shutting down and abandoning module WindowsServerTargetPlatform (69)
[2017.05.26-13.27.46:680][715]LogModuleManager: Shutting down and abandoning module WindowsNoEditorTargetPlatform (67)
[2017.05.26-13.27.46:680][715]LogModuleManager: Shutting down and abandoning module WindowsClientTargetPlatform (65)
[2017.05.26-13.27.46:680][715]LogModuleManager: Shutting down and abandoning module MacTargetPlatform (63)
[2017.05.26-13.27.46:680][715]LogModuleManager: Shutting down and abandoning module MacServerTargetPlatform (61)
[2017.05.26-13.27.46:680][715]LogModuleManager: Shutting down and abandoning module MacNoEditorTargetPlatform (59)
[2017.05.26-13.27.46:680][715]LogModuleManager: Shutting down and abandoning module MacClientTargetPlatform (57)
[2017.05.26-13.27.46:680][715]LogModuleManager: Shutting down and abandoning module AllDesktopTargetPlatform (55)
[2017.05.26-13.27.46:680][715]LogModuleManager: Shutting down and abandoning module InputCore (52)
[2017.05.26-13.27.46:680][715]LogModuleManager: Shutting down and abandoning module Settings (50)
[2017.05.26-13.27.46:680][715]LogModuleManager: Shutting down and abandoning module OculusRift (48)
[2017.05.26-13.27.46:681][715]LogHMD: Oculus shutdown.
[2017.05.26-13.27.46:681][715]LogModuleManager: Shutting down and abandoning module GearVR (46)
[2017.05.26-13.27.46:681][715]LogModuleManager: Shutting down and abandoning module ExampleDeviceProfileSelector (44)
[2017.05.26-13.27.46:681][715]LogModuleManager: Shutting down and abandoning module OnlineBlueprintSupport (42)
[2017.05.26-13.27.46:681][715]LogModuleManager: Shutting down and abandoning module OnlineSubsystem (38)
[2017.05.26-13.27.46:681][715]LogOnline:Display: Unloading online subsystem: NULL
[2017.05.26-13.27.46:681][715]LogModuleManager: Shutting down and abandoning module XMPP (37)
[2017.05.26-13.27.46:681][715]LogModuleManager: Shutting down and abandoning module HTTP (35)
[2017.05.26-13.27.46:681][715]LogHttp:Display: Http module shutting down, but needs to wait on 1 outstanding Http requests:
[2017.05.26-13.27.46:681][715]LogHttp:Display: 	verb=[POST] url=[https://datarouter.ol.epicgames.com/datarouter/api/v1/public/data?SessionID=%7B1692D729-44BD-1A32-6D50-78AAB89471CB%7D&AppID=UEEditor.Rocket.Release&AppVersion=4.15.1-3348071%2B%2B%2BUE4%2BRelease-4.15&UserID=d9a965bc43390f8c1fc831aa1adf6fb0%7C9799d0961886446891ceaaac11099baa%7C51a17574-0817-4855-8835-4da224b502d4&AppEnvironment=datacollector-binary&UploadType=eteventstream] status=Processing
[2017.05.26-13.27.46:691][715]LogModuleManager: Shutting down and abandoning module SSL (34)
[2017.05.26-13.27.46:693][715]LogModuleManager: Shutting down and abandoning module AudioEditor (30)
[2017.05.26-13.27.46:693][715]LogModuleManager: Shutting down and abandoning module TextureCompressor (28)
[2017.05.26-13.27.46:693][715]LogModuleManager: Shutting down and abandoning module ShaderCore (26)
[2017.05.26-13.27.46:693][715]LogModuleManager: Shutting down and abandoning module Landscape (24)
[2017.05.26-13.27.46:693][715]LogModuleManager: Shutting down and abandoning module SlateRHIRenderer (22)
[2017.05.26-13.27.46:697][715]LogModuleManager: Shutting down and abandoning module OpenGLDrv (20)
[2017.05.26-13.27.46:697][715]LogModuleManager: Shutting down and abandoning module D3D11RHI (18)
[2017.05.26-13.27.46:697][715]LogModuleManager: Shutting down and abandoning module AnimGraphRuntime (16)
[2017.05.26-13.27.46:697][715]LogModuleManager: Shutting down and abandoning module Renderer (14)
[2017.05.26-13.27.46:697][715]LogModuleManager: Shutting down and abandoning module Engine (12)
[2017.05.26-13.27.46:697][715]LogModuleManager: Shutting down and abandoning module CoreUObject (10)
[2017.05.26-13.27.46:697][715]LogModuleManager: Shutting down and abandoning module NetworkFile (8)
[2017.05.26-13.27.46:697][715]LogModuleManager: Shutting down and abandoning module StreamingFile (6)
[2017.05.26-13.27.46:697][715]LogModuleManager: Shutting down and abandoning module SandboxFile (4)
[2017.05.26-13.27.46:697][715]LogModuleManager: Shutting down and abandoning module PakFile (2)
[2017.05.26-13.27.46:700][715]LogExit: Exiting.
[2017.05.26-13.27.46:702][715]Log file closed, 05/26/17 06:27:46
