Log file open, 05/25/17 05:09:46
LogInit:Display: Running engine for game: Pavlov
LogPlatformFile: Not using cached read wrapper
LogInit:Display: RandInit(-2080786467) SRandInit(-2080786467).
LogTaskGraph: Started task graph with 5 named threads and 8 total threads with 1 sets of task threads.
LogStats: Stats thread started at 0.095041
LogInit: Using libcurl 7.47.1
LogInit:  - built for x86_64-pc-win32
LogInit:  - supports SSL with OpenSSL/1.0.2g
LogInit:  - supports HTTP deflate (compression) using libz 1.2.8
LogInit:  - other features:
LogInit:      CURL_VERSION_SSL
LogInit:      CURL_VERSION_LIBZ
LogInit:      CURL_VERSION_IPV6
LogInit:      CURL_VERSION_ASYNCHDNS
LogInit:      CURL_VERSION_LARGEFILE
LogInit:      CURL_VERSION_IDN
LogInit:  CurlRequestOptions (configurable via config and command line):
LogInit:  - bVerifyPeer = false  - Libcurl will NOT verify peer certificate
LogInit:  - bUseHttpProxy = false  - Libcurl will NOT use HTTP proxy
LogInit:  - bDontReuseConnections = false  - Libcurl will reuse connections
LogInit:  - CertBundlePath = nullptr  - Libcurl will use whatever was configured at build time.
OCULUS: Info: [CAPI] LibOVR module is located at C:\Program Files\Oculus\Support\oculus-runtime\LibOVRRT64_1.dll
OCULUS: Debug: Connected to the server running version (prod = 1).1.15.0(build = 391815) feature version = 0. Client runs version (prod = 1).1.15.0(build = 391815) feature version = 0
LogHMD: GearVR: Emulating GearVR using Oculus Rift!
LogInit: Build: ++UE4+Release-4.15-CL-3348071
LogInit: Engine Version: 4.15.1-3348071+++UE4+Release-4.15
LogInit: Compatible Engine Version: 4.15.0-3299760+++UE4+Release-4.15
LogInit: Net CL: 3299760
LogDevObjectVersion: Number of dev versions registered: 14
LogDevObjectVersion:   Dev-Blueprints (B0D832E4-1F89-4F0D-ACCF-7EB736FD4AA2): 8
LogDevObjectVersion:   Dev-Build (E1C64328-A22C-4D53-A36C-8E866417BD8C): 0
LogDevObjectVersion:   Dev-Core (375EC13C-06E4-48FB-B500-84F0262A717E): 2
LogDevObjectVersion:   Dev-Editor (E4B068ED-F494-42E9-A231-DA0B2E46BB41): 14
LogDevObjectVersion:   Dev-Framework (CFFC743F-43B0-4480-9391-14DF171D2073): 22
LogDevObjectVersion:   Dev-Mobile (B02B49B5-BB20-44E9-A304-32B752E40360): 0
LogDevObjectVersion:   Dev-Networking (A4E4105C-59A1-49B5-A7C5-40C4547EDFEE): 0
LogDevObjectVersion:   Dev-Online (39C831C9-5AE6-47DC-9A44-9C173E1C8E7C): 0
LogDevObjectVersion:   Dev-Physics (78F01B33-EBEA-4F98-B9B4-84EACCB95AA2): 0
LogDevObjectVersion:   Dev-Platform (6631380F-2D4D-43E0-8009-CF276956A95A): 0
LogDevObjectVersion:   Dev-Rendering (12F88B9F-8875-4AFC-A67C-D90C383ABD29): 12
LogDevObjectVersion:   Dev-Sequencer (7B5AE74C-D270-4C10-A958-57980B212A5A): 3
LogDevObjectVersion:   Dev-VR (D7296918-1DD6-4BDD-9DE2-64A83CC13884): 0
LogDevObjectVersion:   Dev-LoadTimes (C2A15278-BFE7-4AFE-6C17-90FF531DF755): 1
LogInit: Compiled (64-bit): Mar 15 2017 16:52:47
LogInit: Compiled with Visual C++: 19.00.23026.00
LogInit: Build Configuration: Development
LogInit: Branch Name: ++UE4+Release-4.15
LogInit: Command line:  
LogInit: Base directory: D:/Program Files/Epic Games/Epic Games/UE_4.15/Engine/Binaries/Win64/
LogInit: Installed Engine Build: 1
LogInit: Presizing for max 8388607 objects, including 0 objects not considered by GC, pre-allocating 0 bytes for permanent pool.
LogInit: Object subsystem initialized
[2017.05.25-12.09.48:719][  0]LogInit: Selected Device Profile: [Windows]
[2017.05.25-12.09.48:719][  0]LogInit: Applying CVar settings loaded from the selected device profile: [Windows]
[2017.05.25-12.09.48:734][  0]LogInit: Computer: DESKTOP-3H4F7II
[2017.05.25-12.09.48:734][  0]LogInit: User: MOTYS
[2017.05.25-12.09.48:734][  0]LogInit: CPU Page size=65536, Cores=4
[2017.05.25-12.09.48:734][  0]LogInit: High frequency timer resolution =3.897875 MHz
[2017.05.25-12.09.48:734][  0]LogMemory: Memory total: Physical=24.0GB (24GB approx)
[2017.05.25-12.09.48:734][  0]LogMemory: Platform Memory Stats for Windows
[2017.05.25-12.09.48:734][  0]LogMemory: Process Physical Memory: 267.67 MB used, 267.67 MB peak
[2017.05.25-12.09.48:734][  0]LogMemory: Process Virtual Memory: 265.40 MB used, 265.40 MB peak
[2017.05.25-12.09.48:734][  0]LogMemory: Physical Memory: 6339.56 MB used,  18194.14 MB free, 24533.70 MB total
[2017.05.25-12.09.48:734][  0]LogMemory: Virtual Memory: 682.14 MB used,  18194.14 MB free, 134217728.00 MB total
[2017.05.25-12.09.48:852][  0]LogTextLocalizationManager: No specific translations for ('en-US') exist, so ('en') translations will be used.
[2017.05.25-12.09.49:854][  0]LogD3D11RHI: D3D11 adapters:
[2017.05.25-12.09.50:478][  0]LogD3D11RHI:    0. 'NVIDIA GeForce GTX 1070' (Feature Level 11_0)
[2017.05.25-12.09.50:478][  0]LogD3D11RHI:       8119/0/12266 MB DedicatedVideo/DedicatedSystem/SharedSystem, Outputs:2, VendorId:0x10de
[2017.05.25-12.09.50:481][  0]LogD3D11RHI:    1. 'Microsoft Basic Render Driver' (Feature Level 11_0)
[2017.05.25-12.09.50:481][  0]LogD3D11RHI:       0/0/12266 MB DedicatedVideo/DedicatedSystem/SharedSystem, Outputs:0, VendorId:0x1414
[2017.05.25-12.09.50:481][  0]LogD3D11RHI: Chosen D3D11 Adapter: 0
[2017.05.25-12.09.50:491][  0]LogD3D11RHI: Creating new Direct3DDevice
[2017.05.25-12.09.50:491][  0]LogD3D11RHI:     GPU DeviceId: 0x1b81 (for the marketing name, search the web for "GPU Device Id")
[2017.05.25-12.09.50:491][  0]LogWindows: EnumDisplayDevices:
[2017.05.25-12.09.50:491][  0]LogWindows:    0. 'NVIDIA GeForce GTX 1070' (P:1 D:1)
[2017.05.25-12.09.50:491][  0]LogWindows:    1. 'NVIDIA GeForce GTX 1070' (P:0 D:1)
[2017.05.25-12.09.50:491][  0]LogWindows:    2. 'NVIDIA GeForce GTX 1070' (P:0 D:0)
[2017.05.25-12.09.50:492][  0]LogWindows:    3. 'NVIDIA GeForce GTX 1070' (P:0 D:0)
[2017.05.25-12.09.50:492][  0]LogWindows: DebugString: FoundDriverCount:4 
[2017.05.25-12.09.50:492][  0]LogD3D11RHI:     Adapter Name: NVIDIA GeForce GTX 1070
[2017.05.25-12.09.50:492][  0]LogD3D11RHI:   Driver Version: 382.05 (internal:22.21.13.8205, unified:382.05)
[2017.05.25-12.09.50:492][  0]LogD3D11RHI:      Driver Date: 5-1-2017
[2017.05.25-12.09.50:492][  0]LogRHI: Texture pool is 1361 MB (70% of 1945 MB)
[2017.05.25-12.09.51:101][  0]LogD3D11RHI: Async texture creation enabled
[2017.05.25-12.09.51:151][  0]LogD3D11RHI: GPU Timing Frequency: 1000.000000 (Debug: 2 1)
[2017.05.25-12.09.51:250][  0]LogShaderCompilers: Guid format shader working directory is -2 characters bigger than the processId version (F:/Game Dev and 3D/Unreal/Pavlov/PavlovTemplate2/Intermediate/Shaders/WorkingDirectory/9328/).
[2017.05.25-12.09.51:250][  0]LogShaderCompilers: Cleaned the shader compiler working directory 'C:/Users/MOTYS/AppData/Local/Temp/UnrealShaderWorkingDir/110AF9CB4887347005CDC28AF576136A/'.
[2017.05.25-12.09.51:250][  0]LogShaderCompilers:Display: Using Local Shader Compiler.
[2017.05.25-12.09.53:068][  0]LogTemp:Display: Loaded TP AllDesktopTargetPlatform
[2017.05.25-12.09.53:168][  0]LogTemp:Display: Loaded TP MacClientTargetPlatform
[2017.05.25-12.09.53:270][  0]LogTemp:Display: Loaded TP MacNoEditorTargetPlatform
[2017.05.25-12.09.53:360][  0]LogTemp:Display: Loaded TP MacServerTargetPlatform
[2017.05.25-12.09.53:454][  0]LogTemp:Display: Loaded TP MacTargetPlatform
[2017.05.25-12.09.53:549][  0]LogTemp:Display: Loaded TP WindowsClientTargetPlatform
[2017.05.25-12.09.53:651][  0]LogTemp:Display: Loaded TP WindowsNoEditorTargetPlatform
[2017.05.25-12.09.53:752][  0]LogTemp:Display: Loaded TP WindowsServerTargetPlatform
[2017.05.25-12.09.53:819][  0]LogTemp:Display: Loaded TP WindowsTargetPlatform
[2017.05.25-12.09.53:924][  0]LogTemp:Display: Loaded TP AndroidTargetPlatform
[2017.05.25-12.09.54:019][  0]LogTemp:Display: Loaded TP Android_ASTCTargetPlatform
[2017.05.25-12.09.54:113][  0]LogTemp:Display: Loaded TP Android_ATCTargetPlatform
[2017.05.25-12.09.54:205][  0]LogTemp:Display: Loaded TP Android_DXTTargetPlatform
[2017.05.25-12.09.54:290][  0]LogTemp:Display: Loaded TP Android_ETC1TargetPlatform
[2017.05.25-12.09.54:381][  0]LogTemp:Display: Loaded TP Android_ETC2TargetPlatform
[2017.05.25-12.09.54:553][  0]LogTemp:Display: Loaded TP Android_MultiTargetPlatform
[2017.05.25-12.09.54:553][  0]LogTemp:Display: Loaded TP Android_PVRTCTargetPlatform
[2017.05.25-12.09.54:629][  0]LogTemp:Display: Loaded TP HTML5TargetPlatform
[2017.05.25-12.09.54:780][  0]LogTemp:Display: Loaded TP IOSTargetPlatform
[2017.05.25-12.09.54:845][  0]LogTemp:Display: Loaded TP TVOSTargetPlatform
[2017.05.25-12.09.54:933][  0]LogTemp:Display: Loaded TP LinuxClientTargetPlatform
[2017.05.25-12.09.55:025][  0]LogTemp:Display: Loaded TP LinuxNoEditorTargetPlatform
[2017.05.25-12.09.55:116][  0]LogTemp:Display: Loaded TP LinuxServerTargetPlatform
[2017.05.25-12.09.55:202][  0]LogTemp:Display: Loaded TP LinuxTargetPlatform
[2017.05.25-12.09.55:202][  0]LogTargetPlatformManager:Display: Building Assets For Windows
[2017.05.25-12.09.55:882][  0]LogDerivedDataCache:Display: Max Cache Size: 512 MB
[2017.05.25-12.09.55:981][  0]LogDerivedDataCache: Loaded boot cache 0.10s 51MB C:/Users/MOTYS/AppData/Local/UnrealEngine/4.15/DerivedDataCache/Boot.ddc.
[2017.05.25-12.09.55:981][  0]LogDerivedDataCache:Display: Loaded Boot cache: C:/Users/MOTYS/AppData/Local/UnrealEngine/4.15/DerivedDataCache/Boot.ddc
[2017.05.25-12.09.55:981][  0]LogDerivedDataCache: FDerivedDataBackendGraph:  Pak pak cache file F:/Game Dev and 3D/Unreal/Pavlov/PavlovTemplate2/DerivedDataCache/DDC.ddp not found, will not use a pak cache.
[2017.05.25-12.09.55:981][  0]LogDerivedDataCache: Unable to find inner node Pak for hierarchical cache Hierarchy.
[2017.05.25-12.09.55:981][  0]LogDerivedDataCache: FDerivedDataBackendGraph:  CompressedPak pak cache file F:/Game Dev and 3D/Unreal/Pavlov/PavlovTemplate2/DerivedDataCache/Compressed.ddp not found, will not use a pak cache.
[2017.05.25-12.09.55:981][  0]LogDerivedDataCache: Unable to find inner node CompressedPak for hierarchical cache Hierarchy.
[2017.05.25-12.09.56:012][  0]LogDerivedDataCache:Display: Pak cache opened for reading ../../../Engine/DerivedDataCache/Compressed.ddp.
[2017.05.25-12.09.56:024][  0]LogDerivedDataCache: Using Local data cache path C:/Users/MOTYS/AppData/Local/UnrealEngine/Common/DerivedDataCache: Writable
[2017.05.25-12.09.56:041][  0]LogSlate: Using Freetype 2.6.0
[2017.05.25-12.09.56:042][  0]LogSlate: SlateFontCache - WITH_FREETYPE: 1, WITH_HARFBUZZ: 1
[2017.05.25-12.09.56:042][  0]LogSlate: SlateFontCache - WITH_FREETYPE: 1, WITH_HARFBUZZ: 1
[2017.05.25-12.09.56:560][  0]LogInit: Selected Device Profile: [Windows]
[2017.05.25-12.09.56:565][  0]LogContentStreaming: Texture pool size is 0.00 MB
[2017.05.25-12.09.56:877][  0]LogMeshUtilities: Using QuadricMeshReduction for automatic static mesh reduction
[2017.05.25-12.09.56:940][  0]LogSimplygon: Simplygon DLL not present - disabling.
[2017.05.25-12.09.57:018][  0]LogMeshUtilities: Using SimplygonSwarm for distributed automatic mesh merging
[2017.05.25-12.09.57:018][  0]LogMeshUtilities: No automatic skeletal mesh reduction module available
[2017.05.25-12.09.57:018][  0]LogMeshUtilities: No automatic mesh merging module available
[2017.05.25-12.09.57:811][  0]LogNetVersion: GetLocalNetworkVersion: CL: 3299760, ProjectName: pavlov, ProjectVersion: , EngineNetworkVersion: 2, GameNetworkVersion: 0, NetworkChecksum: 2014131361
[2017.05.25-12.09.57:870][  0]LogAssetRegistry: FAssetRegistry took 0.0223 seconds to start up
[2017.05.25-12.09.57:913][  0]LogDirectoryWatcher:Warning: Failed to begin reading directory changes for F:/Game Dev and 3D/Unreal/Pavlov/PavlovTemplate2/Plugins/CustomMapTools/Content/. Error: The system cannot find the file specified. (0x00000002)
[2017.05.25-12.09.57:955][  0]LogPackageLocalizationCache: Processed 4 localized package path(s) for 2 prioritized culture(s) in 0.041981 seconds
[2017.05.25-12.09.57:963][  0]LogUObjectArray: 32493 objects as part of root set at end of initial load.
[2017.05.25-12.09.57:963][  0]LogUObjectAllocator: 7077024 out of 0 bytes used by permanent object pool.
[2017.05.25-12.09.57:963][  0]LogUObjectArray: CloseDisregardForGC: 0/0 objects in disregard for GC pool
[2017.05.25-12.09.58:059][  0]LogInit: WinSock: version 1.1 (2.2), MaxSocks=32767, MaxUdp=65467
[2017.05.25-12.10.00:643][  0]LogTcpMessaging: Initializing TcpMessaging bridge
[2017.05.25-12.10.00:696][  0]LogUdpMessaging: Initializing bridge on interface 0.0.0.0:0 to multicast group 230.0.0.1:6666.
[2017.05.25-12.10.01:380][  0]LogMaterial: Missing cached shader map for material BaseColor, compiling. 
[2017.05.25-12.10.01:381][  0]LogMaterial:Warning: Failed to compile Material /Engine/BufferVisualization/BaseColor.BaseColor for platform PCD3D_SM5, Default Material will be used in game.
[2017.05.25-12.10.01:381][  0]LogMaterial:Warning: 	(Node SceneTexture) GBuffer scene textures not available with forward shading.
[2017.05.25-12.10.01:402][  0]LogMaterial: Uniform references updated for custom material expression Custom.
[2017.05.25-12.10.01:415][  0]LogMaterial: Missing cached shader map for material LightingModel, compiling. 
[2017.05.25-12.10.01:415][  0]LogMaterial:Warning: Failed to compile Material /Engine/BufferVisualization/LightingModel.LightingModel for platform PCD3D_SM5, Default Material will be used in game.
[2017.05.25-12.10.01:415][  0]LogMaterial:Warning: 	(Node SceneTexture) GBuffer scene textures not available with forward shading.
[2017.05.25-12.10.01:417][  0]LogMaterial: Missing cached shader map for material MaterialAO, compiling. 
[2017.05.25-12.10.01:417][  0]LogMaterial:Warning: Failed to compile Material /Engine/BufferVisualization/MaterialAO.MaterialAO for platform PCD3D_SM5, Default Material will be used in game.
[2017.05.25-12.10.01:417][  0]LogMaterial:Warning: 	(Node SceneTexture) GBuffer scene textures not available with forward shading.
[2017.05.25-12.10.01:419][  0]LogMaterial: Missing cached shader map for material Metallic, compiling. 
[2017.05.25-12.10.01:420][  0]LogMaterial:Warning: Failed to compile Material /Engine/BufferVisualization/Metallic.Metallic for platform PCD3D_SM5, Default Material will be used in game.
[2017.05.25-12.10.01:420][  0]LogMaterial:Warning: 	(Node SceneTexture) GBuffer scene textures not available with forward shading.
[2017.05.25-12.10.01:422][  0]LogMaterial: Missing cached shader map for material Opacity, compiling. 
[2017.05.25-12.10.01:422][  0]LogMaterial:Warning: Failed to compile Material /Engine/BufferVisualization/Opacity.Opacity for platform PCD3D_SM5, Default Material will be used in game.
[2017.05.25-12.10.01:422][  0]LogMaterial:Warning: 	(Node SceneTexture) GBuffer scene textures not available with forward shading.
[2017.05.25-12.10.01:424][  0]LogMaterial: Missing cached shader map for material Roughness, compiling. 
[2017.05.25-12.10.01:425][  0]LogMaterial:Warning: Failed to compile Material /Engine/BufferVisualization/Roughness.Roughness for platform PCD3D_SM5, Default Material will be used in game.
[2017.05.25-12.10.01:425][  0]LogMaterial:Warning: 	(Node SceneTexture) GBuffer scene textures not available with forward shading.
[2017.05.25-12.10.01:441][  0]LogMaterial: Missing cached shader map for material Specular, compiling. 
[2017.05.25-12.10.01:441][  0]LogMaterial:Warning: Failed to compile Material /Engine/BufferVisualization/Specular.Specular for platform PCD3D_SM5, Default Material will be used in game.
[2017.05.25-12.10.01:441][  0]LogMaterial:Warning: 	(Node SceneTexture) GBuffer scene textures not available with forward shading.
[2017.05.25-12.10.01:443][  0]LogMaterial: Missing cached shader map for material SubsurfaceColor, compiling. 
[2017.05.25-12.10.01:444][  0]LogMaterial:Warning: Failed to compile Material /Engine/BufferVisualization/SubsurfaceColor.SubsurfaceColor for platform PCD3D_SM5, Default Material will be used in game.
[2017.05.25-12.10.01:444][  0]LogMaterial:Warning: 	(Node SceneTexture) GBuffer scene textures not available with forward shading.
[2017.05.25-12.10.01:446][  0]LogMaterial: Missing cached shader map for material WorldNormal, compiling. 
[2017.05.25-12.10.01:446][  0]LogMaterial:Warning: Failed to compile Material /Engine/BufferVisualization/WorldNormal.WorldNormal for platform PCD3D_SM5, Default Material will be used in game.
[2017.05.25-12.10.01:446][  0]LogMaterial:Warning: 	(Node SceneTexture) GBuffer scene textures not available with forward shading.
[2017.05.25-12.10.01:985][  0]SourceControl: Info Source control is disabled
[2017.05.25-12.10.02:029][  0]SourceControl: Info Source control is disabled
[2017.05.25-12.10.02:110][  0]SourceControl: Info Source control is disabled
[2017.05.25-12.10.02:188][  0]SourceControl: Info Source control is disabled
[2017.05.25-12.10.04:264][  0]LogEngine: Initializing Engine...
[2017.05.25-12.10.07:395][  0]LogHMD: SteamVR initialized.  Driver: lighthouse  Display: LHR-200FE07F
[2017.05.25-12.10.07:830][  0]LogAIModule: Creating AISystem for world Untitled
[2017.05.25-12.10.07:890][  0]LogInit: XAudio2 using 'HTC Vive Headphones (USB Audio Device)' : 2 channels at 44.1 kHz using 16 bits per sample (channel mask 0x3)
[2017.05.25-12.10.07:931][  0]LogInit: FAudioDevice initialized.
[2017.05.25-12.10.07:998][  0]LogDerivedDataCache: Saved boot cache 0.07s 51MB C:/Users/MOTYS/AppData/Local/UnrealEngine/4.15/DerivedDataCache/Boot.ddc.
[2017.05.25-12.10.08:015][  0]LogInit: Texture streaming: Enabled
[2017.05.25-12.10.08:208][  0]LogEngineSessionManager: EngineSessionManager initialized
[2017.05.25-12.10.08:382][  0]LogInit: Transaction tracking system initialized
[2017.05.25-12.10.09:118][  0]BlueprintLog: New page: Editor Load
[2017.05.25-12.10.10:771][  0]LocalizationService: Info Localization service is disabled
[2017.05.25-12.10.12:134][  0]LogConsoleResponse:Display: 
[2017.05.25-12.10.12:394][  0]LogCook:Display: Max memory allowance for cook 16384mb min free memory 0mb
[2017.05.25-12.10.12:394][  0]LogCook:Display: Mobile HDR setting 0
[2017.05.25-12.10.13:078][  0]LogFileCache: Scanning file cache for directory 'F:/Game Dev and 3D/Unreal/Pavlov/PavlovTemplate2/Content/' took 0.02s
[2017.05.25-12.10.14:037][  0]CustomMapToolsLog: Initializing Pavlov's workshop editor plugin
[2017.05.25-12.10.14:192][  0]CustomMapToolsLog: Visiting F:/Game Dev and 3D/Unreal/Pavlov/PavlovTemplate2/Content/CustomMaps/UGC932402093
[2017.05.25-12.10.14:972][  0]SourceControl: Info Source control is disabled
[2017.05.25-12.10.14:972][  0]Cmd: MAP LOAD FILE="../../../Engine/Content/Maps/Templates/Template_Default.umap" TEMPLATE=1 SHOWPROGRESS=1 FEATURELEVEL=3
[2017.05.25-12.10.14:973][  0]LightingResults: New page: Lighting Build
[2017.05.25-12.10.15:055][  0]MapCheck: New page: Map Check
[2017.05.25-12.10.15:055][  0]LightingResults: New page: Lighting Build
[2017.05.25-12.10.15:528][  0]LogAIModule: Creating AISystem for world Untitled_1
[2017.05.25-12.10.15:568][  0]LogActorComponent: RegisterComponentWithWorld: (/Temp/Untitled_1.Untitled_1:PersistentLevel.WorldSettings_1.StaticMeshComponent0) Trying to register component with IsPendingKill() == true. Aborting.
[2017.05.25-12.10.15:578][  0]LogEditorServer: Finished looking for orphan Actors (0.000 secs)
[2017.05.25-12.10.15:584][  0]Cmd: MAP CHECKDEP NOCLEARLOG
[2017.05.25-12.10.15:688][  0]MapCheck: Info Map check complete: 0 Error(s), 0 Warning(s), took 104.47ms to complete.
[2017.05.25-12.10.15:688][  0]LogFileHelpers: Loading map 'Template_Default' took 0.716
[2017.05.25-12.10.15:785][  0]LogWindowsTextInputMethodSystem:Display: IME system now deactivated.
[2017.05.25-12.10.15:785][  0]LogWindowsTextInputMethodSystem:Display: IME system now deactivated.
[2017.05.25-12.10.16:161][  0]LogCollectionManager: Loaded 1 collections in 0.005097 seconds
[2017.05.25-12.10.16:322][  0]LogFileCache: Scanning file cache for directory 'F:/Game Dev and 3D/Unreal/Pavlov/PavlovTemplate2/Saved/Collections/' took 0.01s
[2017.05.25-12.10.16:322][  0]LogFileCache: Scanning file cache for directory 'F:/Game Dev and 3D/Unreal/Pavlov/PavlovTemplate2/Content/Developers/MOTYS/Collections/' took 0.01s
[2017.05.25-12.10.16:322][  0]LogFileCache: Scanning file cache for directory 'F:/Game Dev and 3D/Unreal/Pavlov/PavlovTemplate2/Content/Collections/' took 0.01s
[2017.05.25-12.10.16:322][  0]LogCollectionManager: Rebuilt the GUID cache for 1 collections in 0.000005 seconds
[2017.05.25-12.10.16:322][  0]LogCollectionManager: Rebuilt the hierarchy cache for 1 collections in 0.000000 seconds
[2017.05.25-12.10.16:343][  0]LogContentBrowser: Native class hierarchy populated in 0.0200 seconds. Added 2252 classes and 456 folders.
[2017.05.25-12.10.16:348][  0]LogStats: UGameplayTagsManager::ConstructGameplayTagTree: Construct from data asset -  0.000 s
[2017.05.25-12.10.16:348][  0]LogStats: UGameplayTagsManager::ConstructGameplayTagTree: GameplayTagTreeChangedEvent.Broadcast -  0.000 s
[2017.05.25-12.10.16:488][  0]LogContentBrowser: Native class hierarchy updated for 'WidgetCarousel' in 0.0013 seconds. Added 0 classes and 0 folders.
[2017.05.25-12.10.16:594][  0]LogContentBrowser: Native class hierarchy updated for 'AddContentDialog' in 0.0008 seconds. Added 0 classes and 0 folders.
[2017.05.25-12.10.16:680][  0]LogContentBrowser: Native class hierarchy updated for 'SceneOutliner' in 0.0009 seconds. Added 1 classes and 2 folders.
[2017.05.25-12.10.16:769][  0]LogCrashTracker: Crashtracker disabled due to settings.
[2017.05.25-12.10.16:849][  0]LogUObjectGlobals:Warning: Failed to find object 'Class None.'
[2017.05.25-12.10.16:973][  0]LogContentBrowser: Native class hierarchy updated for 'HierarchicalLODOutliner' in 0.0010 seconds. Added 1 classes and 2 folders.
[2017.05.25-12.10.16:973][  0]LogLoad: (Engine Initialization) Total time: 32.08 seconds
[2017.05.25-12.10.16:973][  0]LogLoad: (Engine Initialization) Total Blueprint compile time: 0.16 seconds
[2017.05.25-12.10.16:973][  0]LogExternalProfiler: No external profilers were discovered.  External profiling features will not be available.
[2017.05.25-12.10.16:991][  0]LogOcInput: OculusInput pre-init called
[2017.05.25-12.10.17:013][  0]LogOcInput: OculusInput is initialized. Init status 0. Runtime version: 1.15.0
[2017.05.25-12.10.17:074][  0]LogContentStreaming: Texture pool size now 2500 MB
[2017.05.25-12.10.17:077][  0]LogSlate: Took 0.001251 seconds to synchronously load lazily loaded font '../../../Engine/Content/Slate/Fonts/Roboto-Regular.ttf' (155K)
[2017.05.25-12.10.17:084][  0]LogSlate: Took 0.000547 seconds to synchronously load lazily loaded font '../../../Engine/Content/Slate/Fonts/Roboto-Bold.ttf' (160K)
[2017.05.25-12.10.17:095][  0]LogSlate: Took 0.000405 seconds to synchronously load lazily loaded font '../../../Engine/Content/Editor/Slate/Fonts/FontAwesome.ttf' (139K)
[2017.05.25-12.10.17:302][  0]LogSlate: Took 0.000426 seconds to synchronously load lazily loaded font '../../../Engine/Content/Slate/Fonts/Roboto-Light.ttf' (159K)
[2017.05.25-12.10.17:392][  0]LogRenderer: Reallocating scene render targets to support 1232x684 NumSamples 4 (Frame:2).
[2017.05.25-12.10.17:607][  3]LogAssetRegistry: Asset discovery search completed in 19.7589 seconds
[2017.05.25-12.10.17:607][  3]LogCollectionManager: Rebuilt the object cache for 1 collections in 0.000007 seconds (found 0 objects)
[2017.05.25-12.10.17:607][  3]LogCollectionManager: Fixed up redirectors for 1 collections in 0.000022 seconds (updated 0 objects)
[2017.05.25-12.10.23:454][609]LogSlate: Took 0.000338 seconds to synchronously load lazily loaded font '../../../Engine/Content/Slate/Fonts/Roboto-Light.ttf' (159K)
[2017.05.25-12.10.23:841][609]LogAIModule: Creating AISystem for world de_nuke
[2017.05.25-12.10.23:911][609]Cmd: MAP LOAD FILE="F:/Game Dev and 3D/Unreal/Pavlov/PavlovTemplate2/Content/CustomMaps/UGC932402093/de_Nuke.umap" TEMPLATE=0 SHOWPROGRESS=1 FEATURELEVEL=3
[2017.05.25-12.10.23:911][609]LightingResults: New page: Lighting Build
[2017.05.25-12.10.23:913][609]LoadErrors: New page: Loading map: de_Nuke.umap
[2017.05.25-12.10.23:914][609]MapCheck: New page: Map Check
[2017.05.25-12.10.23:914][609]LightingResults: New page: Lighting Build
[2017.05.25-12.10.23:965][609]LogEditorServer: Finished looking for orphan Actors (0.000 secs)
[2017.05.25-12.10.24:004][609]Cmd: MAP CHECKDEP NOCLEARLOG
[2017.05.25-12.10.24:090][609]MapCheck: Info Map check complete: 0 Error(s), 0 Warning(s), took 85.848ms to complete.
[2017.05.25-12.10.24:091][609]LogFileHelpers: Loading map 'de_Nuke' took 0.181
[2017.05.25-12.10.31:957][226]LogEditorViewport: Clicking on Actor (LMB): Pavlov_Spawn (Pavlov_Spawn1)
[2017.05.25-12.10.37:406][634]LogEditorViewport: Clicking on Actor (LMB): Pavlov_Spawn (Pavlov_Spawn27)
[2017.05.25-12.10.43:901][158]LogEditorViewport: Clicking on Actor (LMB): Pavlov_Spawn (Pavlov_Spawn1)
[2017.05.25-12.10.47:659][450]LogWindowsTextInputMethodSystem:Display: IME system now deactivated.
[2017.05.25-12.10.47:659][450]LogWindowsTextInputMethodSystem:Display: IME system now deactivated.
[2017.05.25-12.10.47:899][451]Cmd: QUIT_EDITOR
[2017.05.25-12.10.48:020][451]LogExit: Preparing to exit.
[2017.05.25-12.10.48:982][451]LogExit: Editor shut down
[2017.05.25-12.10.48:982][451]LogExit: Transaction tracking system shut down
[2017.05.25-12.10.49:086][451]LogObj: Freed 0b from 0 cluster array pools.
[2017.05.25-12.10.49:086][451]LogExit: Object subsystem successfully closed.
[2017.05.25-12.10.49:188][451]LogD3D11RHI: Shutdown
[2017.05.25-12.10.49:188][451]LogD3D11RHI: CleanupD3DDevice
[2017.05.25-12.10.49:277][451]LogD3D11RHI: ~FD3D11DynamicRHI
[2017.05.25-12.10.49:295][451]LogModuleManager: Shutting down and abandoning module HierarchicalLODOutliner (502)
[2017.05.25-12.10.49:295][451]LogModuleManager: Shutting down and abandoning module CrashTracker (500)
[2017.05.25-12.10.49:295][451]LogModuleManager: Shutting down and abandoning module SceneOutliner (498)
[2017.05.25-12.10.49:295][451]LogModuleManager: Shutting down and abandoning module AddContentDialog (496)
[2017.05.25-12.10.49:295][451]LogDirectoryWatcher: A directory notification for 'D:/Program Files/Epic Games/Epic Games/UE_4.15/FeaturePacks/' was aborted.
[2017.05.25-12.10.49:297][451]LogModuleManager: Shutting down and abandoning module WidgetCarousel (495)
[2017.05.25-12.10.49:297][451]LogModuleManager: Shutting down and abandoning module EditorWidgets (492)
[2017.05.25-12.10.49:297][451]LogModuleManager: Shutting down and abandoning module CollectionManager (490)
[2017.05.25-12.10.49:297][451]LogDirectoryWatcher: A directory notification for 'F:/Game Dev and 3D/Unreal/Pavlov/PavlovTemplate2/Content/Collections/' was aborted.
[2017.05.25-12.10.49:297][451]LogDirectoryWatcher: A directory notification for 'F:/Game Dev and 3D/Unreal/Pavlov/PavlovTemplate2/Content/Developers/MOTYS/Collections/' was aborted.
[2017.05.25-12.10.49:297][451]LogDirectoryWatcher: A directory notification for 'F:/Game Dev and 3D/Unreal/Pavlov/PavlovTemplate2/Saved/Collections/' was aborted.
[2017.05.25-12.10.49:297][451]LogModuleManager: Shutting down and abandoning module StatsViewer (488)
[2017.05.25-12.10.49:297][451]LogModuleManager: Shutting down and abandoning module FoliageEdit (486)
[2017.05.25-12.10.49:297][451]LogModuleManager: Shutting down and abandoning module LandscapeEditor (484)
[2017.05.25-12.10.49:297][451]LogModuleManager: Shutting down and abandoning module SceneDepthPickerMode (482)
[2017.05.25-12.10.49:297][451]LogModuleManager: Shutting down and abandoning module ActorPickerMode (480)
[2017.05.25-12.10.49:297][451]LogModuleManager: Shutting down and abandoning module GeometryMode (478)
[2017.05.25-12.10.49:297][451]LogModuleManager: Shutting down and abandoning module TextureAlignMode (476)
[2017.05.25-12.10.49:297][451]LogModuleManager: Shutting down and abandoning module BspMode (474)
[2017.05.25-12.10.49:297][451]LogModuleManager: Shutting down and abandoning module HardwareSurvey (472)
[2017.05.25-12.10.49:297][451]LogModuleManager: Shutting down and abandoning module SequenceRecorderSections (470)
[2017.05.25-12.10.49:297][451]LogModuleManager: Shutting down and abandoning module AutomationWorker (468)
[2017.05.25-12.10.49:297][451]LogModuleManager: Shutting down and abandoning module CustomMapTools (466)
[2017.05.25-12.10.49:298][451]LogModuleManager: Shutting down and abandoning module MatineeToLevelSequence (464)
[2017.05.25-12.10.49:298][451]LogModuleManager: Shutting down and abandoning module LevelSequenceEditor (462)
[2017.05.25-12.10.49:298][451]LogModuleManager: Shutting down and abandoning module PlacementMode (461)
[2017.05.25-12.10.49:298][451]LogModuleManager: Shutting down and abandoning module WmfMediaFactory (458)
[2017.05.25-12.10.49:298][451]LogModuleManager: Shutting down and abandoning module WmfMediaEditor (456)
[2017.05.25-12.10.49:298][451]LogModuleManager: Shutting down and abandoning module MfMediaFactory (454)
[2017.05.25-12.10.49:298][451]LogModuleManager: Shutting down and abandoning module MfMediaEditor (452)
[2017.05.25-12.10.49:298][451]LogModuleManager: Shutting down and abandoning module AvfMediaFactory (450)
[2017.05.25-12.10.49:298][451]LogModuleManager: Shutting down and abandoning module AvfMediaEditor (448)
[2017.05.25-12.10.49:298][451]LogModuleManager: Shutting down and abandoning module AndroidMediaFactory (446)
[2017.05.25-12.10.49:298][451]LogModuleManager: Shutting down and abandoning module Media (445)
[2017.05.25-12.10.49:298][451]LogModuleManager: Shutting down and abandoning module AndroidMediaEditor (442)
[2017.05.25-12.10.49:298][451]LogModuleManager: Shutting down and abandoning module CharacterAI (440)
[2017.05.25-12.10.49:298][451]LogModuleManager: Shutting down and abandoning module AudioCapture (438)
[2017.05.25-12.10.49:298][451]LogModuleManager: Shutting down and abandoning module SequenceRecorder (437)
[2017.05.25-12.10.49:298][451]LogModuleManager: Shutting down and abandoning module SmartSnapping (434)
[2017.05.25-12.10.49:298][451]LogModuleManager: Shutting down and abandoning module SessionServices (432)
[2017.05.25-12.10.49:298][451]LogModuleManager: Shutting down and abandoning module ViewportSnapping (430)
[2017.05.25-12.10.49:298][451]LogModuleManager: Shutting down and abandoning module ViewportInteraction (428)
[2017.05.25-12.10.49:298][451]LogModuleManager: Shutting down and abandoning module LogVisualizer (426)
[2017.05.25-12.10.49:298][451]LogModuleManager: Shutting down and abandoning module IntroTutorials (424)
[2017.05.25-12.10.49:298][451]LogModuleManager: Shutting down and abandoning module GameProjectGeneration (423)
[2017.05.25-12.10.49:298][451]LogModuleManager: Shutting down and abandoning module EditorLiveStreaming (420)
[2017.05.25-12.10.49:298][451]LogModuleManager: Shutting down and abandoning module IOSPlatformEditor (418)
[2017.05.25-12.10.49:298][451]LogModuleManager: Shutting down and abandoning module HTML5PlatformEditor (416)
[2017.05.25-12.10.49:298][451]LogModuleManager: Shutting down and abandoning module AndroidPlatformEditor (414)
[2017.05.25-12.10.49:298][451]LogModuleManager: Shutting down and abandoning module AndroidDeviceDetection (413)
[2017.05.25-12.10.49:624][451]LogModuleManager: Shutting down and abandoning module IOSRuntimeSettings (410)
[2017.05.25-12.10.49:624][451]LogModuleManager: Shutting down and abandoning module AndroidRuntimeSettings (408)
[2017.05.25-12.10.49:624][451]LogModuleManager: Shutting down and abandoning module InputBindingEditor (406)
[2017.05.25-12.10.49:624][451]LogModuleManager: Shutting down and abandoning module NiagaraEditor (404)
[2017.05.25-12.10.49:624][451]LogModuleManager: Shutting down and abandoning module MergeActors (402)
[2017.05.25-12.10.49:624][451]LogModuleManager: Shutting down and abandoning module SizeMap (400)
[2017.05.25-12.10.49:624][451]LogModuleManager: Shutting down and abandoning module TreeMap (398)
[2017.05.25-12.10.49:624][451]LogModuleManager: Shutting down and abandoning module ReferenceViewer (396)
[2017.05.25-12.10.49:624][451]LogModuleManager: Shutting down and abandoning module LocalizationDashboard (394)
[2017.05.25-12.10.49:624][451]LogModuleManager: Shutting down and abandoning module LocalizationService (393)
[2017.05.25-12.10.49:624][451]LogModuleManager: Shutting down and abandoning module HardwareTargeting (390)
[2017.05.25-12.10.49:624][451]LogModuleManager: Shutting down and abandoning module DeviceProfileEditor (388)
[2017.05.25-12.10.49:624][451]LogModuleManager: Shutting down and abandoning module UndoHistory (386)
[2017.05.25-12.10.49:624][451]LogModuleManager: Shutting down and abandoning module UserFeedback (384)
[2017.05.25-12.10.49:624][451]LogModuleManager: Shutting down and abandoning module XmlParser (382)
[2017.05.25-12.10.49:624][451]LogModuleManager: Shutting down and abandoning module Blutility (380)
[2017.05.25-12.10.49:624][451]LogModuleManager: Shutting down and abandoning module ProjectSettingsViewer (378)
[2017.05.25-12.10.49:624][451]LogModuleManager: Shutting down and abandoning module ProjectTargetPlatformEditor (377)
[2017.05.25-12.10.49:624][451]LogModuleManager: Shutting down and abandoning module EditorSettingsViewer (374)
[2017.05.25-12.10.49:624][451]LogModuleManager: Shutting down and abandoning module SettingsEditor (372)
[2017.05.25-12.10.49:624][451]LogModuleManager: Shutting down and abandoning module ProjectLauncher (370)
[2017.05.25-12.10.49:624][451]LogModuleManager: Shutting down and abandoning module SessionFrontend (368)
[2017.05.25-12.10.49:624][451]LogModuleManager: Shutting down and abandoning module ProfilerClient (366)
[2017.05.25-12.10.49:624][451]LogModuleManager: Shutting down and abandoning module DeviceManager (364)
[2017.05.25-12.10.49:624][451]LogModuleManager: Shutting down and abandoning module TargetDeviceServices (363)
[2017.05.25-12.10.49:667][451]LogModuleManager: Shutting down and abandoning module AutomationController (360)
[2017.05.25-12.10.49:667][451]LogModuleManager: Shutting down and abandoning module AutomationWindow (358)
[2017.05.25-12.10.49:667][451]LogModuleManager: Shutting down and abandoning module Layers (356)
[2017.05.25-12.10.49:667][451]LogModuleManager: Shutting down and abandoning module ComponentVisualizers (354)
[2017.05.25-12.10.49:667][451]LogModuleManager: Shutting down and abandoning module DetailCustomizations (352)
[2017.05.25-12.10.49:667][451]LogModuleManager: Shutting down and abandoning module PackagesDialog (350)
[2017.05.25-12.10.49:667][451]LogModuleManager: Shutting down and abandoning module Persona (348)
[2017.05.25-12.10.49:667][451]LogModuleManager: Shutting down and abandoning module AnimGraph (347)
[2017.05.25-12.10.49:667][451]LogModuleManager: Shutting down and abandoning module Kismet (344)
[2017.05.25-12.10.49:668][451]LogModuleManager: Shutting down and abandoning module GraphEditor (342)
[2017.05.25-12.10.49:668][451]LogModuleManager: Shutting down and abandoning module ClassViewer (340)
[2017.05.25-12.10.49:668][451]LogModuleManager: Shutting down and abandoning module Toolbox (338)
[2017.05.25-12.10.49:668][451]LogModuleManager: Shutting down and abandoning module ModuleUI (336)
[2017.05.25-12.10.49:668][451]LogModuleManager: Shutting down and abandoning module MovieSceneTools (334)
[2017.05.25-12.10.49:668][451]LogModuleManager: Shutting down and abandoning module OutputLog (332)
[2017.05.25-12.10.49:668][451]LogModuleManager: Shutting down and abandoning module GammaUI (330)
[2017.05.25-12.10.49:668][451]LogModuleManager: Shutting down and abandoning module Documentation (328)
[2017.05.25-12.10.49:668][451]LogModuleManager: Shutting down and abandoning module Niagara (326)
[2017.05.25-12.10.49:668][451]LogModuleManager: Shutting down and abandoning module StreamingPauseRendering (324)
[2017.05.25-12.10.49:668][451]LogModuleManager: Shutting down and abandoning module AnalyticsET (322)
[2017.05.25-12.10.49:668][451]LogModuleManager: Shutting down and abandoning module PortalServices (320)
[2017.05.25-12.10.49:668][451]LogModuleManager: Shutting down and abandoning module PortalRpc (318)
[2017.05.25-12.10.49:668][451]LogModuleManager: Shutting down and abandoning module MessagingRpc (316)
[2017.05.25-12.10.49:668][451]LogModuleManager: Shutting down and abandoning module AIModule (314)
[2017.05.25-12.10.49:668][451]LogModuleManager: Shutting down and abandoning module GameplayDebugger (313)
[2017.05.25-12.10.49:668][451]LogModuleManager: Shutting down and abandoning module AITestSuite (311)
[2017.05.25-12.10.49:668][451]LogModuleManager: Shutting down and abandoning module ProfilerService (308)
[2017.05.25-12.10.49:762][451]LogModuleManager: Shutting down and abandoning module TaskGraph (306)
[2017.05.25-12.10.49:762][451]LogModuleManager: Shutting down and abandoning module PavlovProxy (304)
[2017.05.25-12.10.49:762][451]LogModuleManager: Shutting down and abandoning module SteamVRController (302)
[2017.05.25-12.10.49:763][451]LogModuleManager: Shutting down and abandoning module SteamVR (300)
[2017.05.25-12.10.49:763][451]LogModuleManager: Shutting down and abandoning module ProceduralMeshComponentEditor (298)
[2017.05.25-12.10.49:763][451]LogModuleManager: Shutting down and abandoning module ProceduralMeshComponent (296)
[2017.05.25-12.10.49:763][451]LogModuleManager: Shutting down and abandoning module OculusLibrary (294)
[2017.05.25-12.10.49:763][451]LogModuleManager: Shutting down and abandoning module OculusInput (292)
[2017.05.25-12.10.49:763][451]LogModuleManager: Shutting down and abandoning module MobilePatchingUtils (290)
[2017.05.25-12.10.49:763][451]LogModuleManager: Shutting down and abandoning module CustomMeshComponent (288)
[2017.05.25-12.10.49:763][451]LogModuleManager: Shutting down and abandoning module CableComponent (286)
[2017.05.25-12.10.49:763][451]LogModuleManager: Shutting down and abandoning module ArchVisCharacter (284)
[2017.05.25-12.10.49:763][451]LogModuleManager: Shutting down and abandoning module MediaPlayerEditor (280)
[2017.05.25-12.10.49:763][451]LogModuleManager: Shutting down and abandoning module HTML5Networking (278)
[2017.05.25-12.10.49:763][451]LogModuleManager: Shutting down and abandoning module AlembicImporter (276)
[2017.05.25-12.10.49:763][451]LogModuleManager: Shutting down and abandoning module AlembicLibrary (275)
[2017.05.25-12.10.49:763][451]LogModuleManager: Shutting down and abandoning module GeometryCache (274)
[2017.05.25-12.10.49:763][451]LogModuleManager: Shutting down and abandoning module GeometryCacheEd (273)
[2017.05.25-12.10.49:763][451]LogModuleManager: Shutting down and abandoning module SuperSearchEditor (268)
[2017.05.25-12.10.49:763][451]LogModuleManager: Shutting down and abandoning module SuperSearch (267)
[2017.05.25-12.10.49:763][451]LogModuleManager: Shutting down and abandoning module SpeedTreeImporter (264)
[2017.05.25-12.10.49:763][451]LogModuleManager: Shutting down and abandoning module PluginBrowser (262)
[2017.05.25-12.10.49:764][451]LogModuleManager: Shutting down and abandoning module MobileLauncherProfileWizard (260)
[2017.05.25-12.10.49:764][451]LogModuleManager: Shutting down and abandoning module EpicSurvey (258)
[2017.05.25-12.10.49:764][451]LogModuleManager: Shutting down and abandoning module VisualStudioSourceCodeAccess (256)
[2017.05.25-12.10.49:764][451]LogModuleManager: Shutting down and abandoning module DesktopPlatform (255)
[2017.05.25-12.10.49:764][451]LogModuleManager: Shutting down and abandoning module UObjectPlugin (252)
[2017.05.25-12.10.49:764][451]LogModuleManager: Shutting down and abandoning module SubversionSourceControl (250)
[2017.05.25-12.10.49:764][451]LogModuleManager: Shutting down and abandoning module PerforceSourceControl (248)
[2017.05.25-12.10.49:764][451]LogModuleManager: Shutting down and abandoning module GitSourceControl (246)
[2017.05.25-12.10.49:764][451]LogModuleManager: Shutting down and abandoning module SourceControl (245)
[2017.05.25-12.10.49:764][451]LogModuleManager: Shutting down and abandoning module LightPropagationVolumeEditor (242)
[2017.05.25-12.10.49:764][451]LogModuleManager: Shutting down and abandoning module PaperTiledImporter (240)
[2017.05.25-12.10.49:764][451]LogModuleManager: Shutting down and abandoning module PaperSpriteSheetImporter (238)
[2017.05.25-12.10.49:764][451]LogModuleManager: Shutting down and abandoning module Paper2DEditor (236)
[2017.05.25-12.10.49:764][451]LogModuleManager: Shutting down and abandoning module MeshPaint (235)
[2017.05.25-12.10.49:764][451]LogModuleManager: Shutting down and abandoning module LevelEditor (233)
[2017.05.25-12.10.49:769][451]LogModuleManager: Shutting down and abandoning module PixelInspectorModule (232)
[2017.05.25-12.10.49:769][451]LogModuleManager: Shutting down and abandoning module MainFrame (230)
[2017.05.25-12.10.49:769][451]LogModuleManager: Shutting down and abandoning module HotReload (229)
[2017.05.25-12.10.49:770][451]LogModuleManager: Shutting down and abandoning module ContentBrowser (225)
[2017.05.25-12.10.49:771][451]LogModuleManager: Shutting down and abandoning module PhysXVehiclesEditor (222)
[2017.05.25-12.10.49:772][451]LogModuleManager: Shutting down and abandoning module PhysXVehicles (220)
[2017.05.25-12.10.49:772][451]LogModuleManager: Shutting down and abandoning module LocationServicesBPLibrary (218)
[2017.05.25-12.10.49:772][451]LogModuleManager: Shutting down and abandoning module UdpMessaging (216)
[2017.05.25-12.10.49:872][451]LogModuleManager: Shutting down and abandoning module TcpMessaging (214)
[2017.05.25-12.10.49:973][451]LogModuleManager: Shutting down and abandoning module GameplayTagsEditor (212)
[2017.05.25-12.10.49:973][451]LogModuleManager: Shutting down and abandoning module FacialAnimationEditor (210)
[2017.05.25-12.10.49:974][451]LogModuleManager: Shutting down and abandoning module FacialAnimation (208)
[2017.05.25-12.10.49:974][451]LogModuleManager: Shutting down and abandoning module LightPropagationVolumeRuntime (206)
[2017.05.25-12.10.49:974][451]LogModuleManager: Shutting down and abandoning module Paper2D (204)
[2017.05.25-12.10.49:974][451]LogModuleManager: Shutting down and abandoning module WindowsMoviePlayer (202)
[2017.05.25-12.10.49:974][451]LogModuleManager: Shutting down and abandoning module WmfMedia (200)
[2017.05.25-12.10.49:974][451]LogModuleManager: Shutting down and abandoning module MfMedia (198)
[2017.05.25-12.10.49:974][451]LogModuleManager: Shutting down and abandoning module MediaAssets (196)
[2017.05.25-12.10.49:974][451]LogModuleManager: Shutting down and abandoning module GameLiveStreaming (194)
[2017.05.25-12.10.49:974][451]LogModuleManager: Shutting down and abandoning module VREditor (192)
[2017.05.25-12.10.49:975][451]LogModuleManager: Shutting down and abandoning module GameplayTasksEditor (190)
[2017.05.25-12.10.49:975][451]LogModuleManager: Shutting down and abandoning module BehaviorTreeEditor (188)
[2017.05.25-12.10.49:975][451]LogModuleManager: Shutting down and abandoning module FunctionalTesting (186)
[2017.05.25-12.10.49:975][451]LogModuleManager: Shutting down and abandoning module CollisionAnalyzer (184)
[2017.05.25-12.10.49:975][451]LogModuleManager: Shutting down and abandoning module UMG (182)
[2017.05.25-12.10.49:975][451]LogModuleManager: Shutting down and abandoning module UMGEditor (181)
[2017.05.25-12.10.49:975][451]LogModuleManager: Shutting down and abandoning module Sequencer (180)
[2017.05.25-12.10.49:975][451]LogModuleManager: Shutting down and abandoning module AssetTools (178)
[2017.05.25-12.10.49:975][451]LogModuleManager: Shutting down and abandoning module MessageLog (177)
[2017.05.25-12.10.49:975][451]LogModuleManager: Shutting down and abandoning module WorkspaceMenuStructure (176)
[2017.05.25-12.10.49:975][451]LogModuleManager: Shutting down and abandoning module SlateReflector (170)
[2017.05.25-12.10.49:975][451]LogModuleManager: Shutting down and abandoning module Slate (168)
[2017.05.25-12.10.49:975][451]LogModuleManager: Shutting down and abandoning module EditorStyle (166)
[2017.05.25-12.10.49:984][451]LogModuleManager: Shutting down and abandoning module SourceCodeAccess (164)
[2017.05.25-12.10.49:984][451]LogModuleManager: Shutting down and abandoning module HeadMountedDisplay (162)
[2017.05.25-12.10.49:984][451]LogModuleManager: Shutting down and abandoning module XAudio2 (160)
[2017.05.25-12.10.49:984][451]LogModuleManager: Shutting down and abandoning module Networking (158)
[2017.05.25-12.10.49:984][451]LogModuleManager: Shutting down and abandoning module Core (154)
[2017.05.25-12.10.49:984][451]LogModuleManager: Shutting down and abandoning module AssetRegistry (152)
[2017.05.25-12.10.50:124][451]LogDirectoryWatcher: A directory notification for '../../../Engine/Content/' was aborted.
[2017.05.25-12.10.50:124][451]LogDirectoryWatcher: A directory notification for 'F:/Game Dev and 3D/Unreal/Pavlov/PavlovTemplate2/Content/' was aborted.
[2017.05.25-12.10.50:124][451]LogDirectoryWatcher: A directory notification for '../../../Engine/Plugins/2D/Paper2D/Content/' was aborted.
[2017.05.25-12.10.50:124][451]LogModuleManager: Shutting down and abandoning module DirectoryWatcher (151)
[2017.05.25-12.10.50:125][451]LogModuleManager: Shutting down and abandoning module KismetCompiler (148)
[2017.05.25-12.10.50:125][451]LogModuleManager: Shutting down and abandoning module PhysXFormats (146)
[2017.05.25-12.10.50:125][451]LogModuleManager: Shutting down and abandoning module MeshUtilities (144)
[2017.05.25-12.10.50:125][451]LogModuleManager: Shutting down and abandoning module SimplygonSwarm (143)
[2017.05.25-12.10.50:125][451]LogModuleManager: Shutting down and abandoning module SimplygonMeshReduction (141)
[2017.05.25-12.10.50:125][451]LogModuleManager: Shutting down and abandoning module QuadricMeshReduction (139)
[2017.05.25-12.10.50:125][451]LogModuleManager: Shutting down and abandoning module PropertyEditor (137)
[2017.05.25-12.10.50:125][451]LogModuleManager: Shutting down and abandoning module DerivedDataCache (134)
[2017.05.25-12.10.50:585][451]LogDerivedDataCache: Shutdown
[2017.05.25-12.10.50:585][451]LogModuleManager: Shutting down and abandoning module TargetPlatform (132)
[2017.05.25-12.10.50:585][451]LogModuleManager: Shutting down and abandoning module VulkanShaderFormat (131)
[2017.05.25-12.10.50:585][451]LogModuleManager: Shutting down and abandoning module ShaderFormatOpenGL (129)
[2017.05.25-12.10.50:585][451]LogModuleManager: Shutting down and abandoning module ShaderFormatD3D (127)
[2017.05.25-12.10.50:585][451]LogModuleManager: Shutting down and abandoning module MetalShaderFormat (125)
[2017.05.25-12.10.50:585][451]LogModuleManager: Shutting down and abandoning module TextureFormatUncompressed (123)
[2017.05.25-12.10.50:585][451]LogModuleManager: Shutting down and abandoning module TextureFormatPVR (121)
[2017.05.25-12.10.50:585][451]LogModuleManager: Shutting down and abandoning module TextureFormatDXT (119)
[2017.05.25-12.10.50:585][451]LogModuleManager: Shutting down and abandoning module TextureFormatIntelISPCTexComp (117)
[2017.05.25-12.10.50:586][451]LogModuleManager: Shutting down and abandoning module TextureFormatASTC (115)
[2017.05.25-12.10.50:586][451]LogModuleManager: Shutting down and abandoning module ImageWrapper (114)
[2017.05.25-12.10.50:586][451]LogModuleManager: Shutting down and abandoning module TextureFormatAndroid (111)
[2017.05.25-12.10.50:586][451]LogModuleManager: Shutting down and abandoning module AudioFormatOpus (109)
[2017.05.25-12.10.50:586][451]LogModuleManager: Shutting down and abandoning module AudioFormatOgg (107)
[2017.05.25-12.10.50:586][451]LogModuleManager: Shutting down and abandoning module AudioFormatADPCM (105)
[2017.05.25-12.10.50:586][451]LogModuleManager: Shutting down and abandoning module LinuxTargetPlatform (103)
[2017.05.25-12.10.50:586][451]LogModuleManager: Shutting down and abandoning module LinuxServerTargetPlatform (101)
[2017.05.25-12.10.50:586][451]LogModuleManager: Shutting down and abandoning module LinuxNoEditorTargetPlatform (99)
[2017.05.25-12.10.50:586][451]LogModuleManager: Shutting down and abandoning module LinuxClientTargetPlatform (97)
[2017.05.25-12.10.50:586][451]LogModuleManager: Shutting down and abandoning module TVOSTargetPlatform (95)
[2017.05.25-12.10.50:587][451]LogModuleManager: Shutting down and abandoning module Messaging (93)
[2017.05.25-12.10.50:587][451]LogModuleManager: Shutting down and abandoning module IOSTargetPlatform (91)
[2017.05.25-12.10.50:587][451]LogModuleManager: Shutting down and abandoning module HTML5TargetPlatform (89)
[2017.05.25-12.10.50:587][451]LogModuleManager: Shutting down and abandoning module Android_PVRTCTargetPlatform (87)
[2017.05.25-12.10.50:587][451]LogModuleManager: Shutting down and abandoning module Android_MultiTargetPlatform (85)
[2017.05.25-12.10.50:587][451]LogModuleManager: Shutting down and abandoning module Android_ETC2TargetPlatform (83)
[2017.05.25-12.10.50:587][451]LogModuleManager: Shutting down and abandoning module Android_ETC1TargetPlatform (81)
[2017.05.25-12.10.50:587][451]LogModuleManager: Shutting down and abandoning module Android_DXTTargetPlatform (79)
[2017.05.25-12.10.50:587][451]LogModuleManager: Shutting down and abandoning module Android_ATCTargetPlatform (77)
[2017.05.25-12.10.50:587][451]LogModuleManager: Shutting down and abandoning module Android_ASTCTargetPlatform (75)
[2017.05.25-12.10.50:587][451]LogModuleManager: Shutting down and abandoning module AndroidTargetPlatform (73)
[2017.05.25-12.10.50:587][451]LogModuleManager: Shutting down and abandoning module WindowsTargetPlatform (71)
[2017.05.25-12.10.50:587][451]LogModuleManager: Shutting down and abandoning module WindowsServerTargetPlatform (69)
[2017.05.25-12.10.50:587][451]LogModuleManager: Shutting down and abandoning module WindowsNoEditorTargetPlatform (67)
[2017.05.25-12.10.50:587][451]LogModuleManager: Shutting down and abandoning module WindowsClientTargetPlatform (65)
[2017.05.25-12.10.50:587][451]LogModuleManager: Shutting down and abandoning module MacTargetPlatform (63)
[2017.05.25-12.10.50:587][451]LogModuleManager: Shutting down and abandoning module MacServerTargetPlatform (61)
[2017.05.25-12.10.50:587][451]LogModuleManager: Shutting down and abandoning module MacNoEditorTargetPlatform (59)
[2017.05.25-12.10.50:587][451]LogModuleManager: Shutting down and abandoning module MacClientTargetPlatform (57)
[2017.05.25-12.10.50:587][451]LogModuleManager: Shutting down and abandoning module AllDesktopTargetPlatform (55)
[2017.05.25-12.10.50:587][451]LogModuleManager: Shutting down and abandoning module InputCore (52)
[2017.05.25-12.10.50:587][451]LogModuleManager: Shutting down and abandoning module Settings (50)
[2017.05.25-12.10.50:588][451]LogModuleManager: Shutting down and abandoning module OculusRift (48)
[2017.05.25-12.10.50:589][451]LogHMD: Oculus shutdown.
[2017.05.25-12.10.50:589][451]LogModuleManager: Shutting down and abandoning module GearVR (46)
[2017.05.25-12.10.50:589][451]LogModuleManager: Shutting down and abandoning module ExampleDeviceProfileSelector (44)
[2017.05.25-12.10.50:589][451]LogModuleManager: Shutting down and abandoning module OnlineBlueprintSupport (42)
[2017.05.25-12.10.50:589][451]LogModuleManager: Shutting down and abandoning module OnlineSubsystem (38)
[2017.05.25-12.10.50:589][451]LogOnline:Display: Unloading online subsystem: NULL
[2017.05.25-12.10.50:589][451]LogModuleManager: Shutting down and abandoning module XMPP (37)
[2017.05.25-12.10.50:589][451]LogModuleManager: Shutting down and abandoning module HTTP (35)
[2017.05.25-12.10.50:589][451]LogHttp:Display: Http module shutting down, but needs to wait on 1 outstanding Http requests:
[2017.05.25-12.10.50:589][451]LogHttp:Display: 	verb=[POST] url=[https://datarouter.ol.epicgames.com/datarouter/api/v1/public/data?SessionID=%7B4E87F60A-452B-D2ED-BAFC-A18E4D30AFAC%7D&AppID=UEEditor.Rocket.Release&AppVersion=4.15.1-3348071%2B%2B%2BUE4%2BRelease-4.15&UserID=d9a965bc43390f8c1fc831aa1adf6fb0%7C9799d0961886446891ceaaac11099baa%7C51a17574-0817-4855-8835-4da224b502d4&AppEnvironment=datacollector-binary&UploadType=eteventstream] status=Processing
[2017.05.25-12.10.50:606][451]LogModuleManager: Shutting down and abandoning module SSL (34)
[2017.05.25-12.10.50:608][451]LogModuleManager: Shutting down and abandoning module AudioEditor (30)
[2017.05.25-12.10.50:608][451]LogModuleManager: Shutting down and abandoning module TextureCompressor (28)
[2017.05.25-12.10.50:608][451]LogModuleManager: Shutting down and abandoning module ShaderCore (26)
[2017.05.25-12.10.50:608][451]LogModuleManager: Shutting down and abandoning module Landscape (24)
[2017.05.25-12.10.50:608][451]LogModuleManager: Shutting down and abandoning module SlateRHIRenderer (22)
[2017.05.25-12.10.50:610][451]LogModuleManager: Shutting down and abandoning module OpenGLDrv (20)
[2017.05.25-12.10.50:610][451]LogModuleManager: Shutting down and abandoning module D3D11RHI (18)
[2017.05.25-12.10.50:610][451]LogModuleManager: Shutting down and abandoning module AnimGraphRuntime (16)
[2017.05.25-12.10.50:610][451]LogModuleManager: Shutting down and abandoning module Renderer (14)
[2017.05.25-12.10.50:610][451]LogModuleManager: Shutting down and abandoning module Engine (12)
[2017.05.25-12.10.50:610][451]LogModuleManager: Shutting down and abandoning module CoreUObject (10)
[2017.05.25-12.10.50:610][451]LogModuleManager: Shutting down and abandoning module NetworkFile (8)
[2017.05.25-12.10.50:610][451]LogModuleManager: Shutting down and abandoning module StreamingFile (6)
[2017.05.25-12.10.50:610][451]LogModuleManager: Shutting down and abandoning module SandboxFile (4)
[2017.05.25-12.10.50:610][451]LogModuleManager: Shutting down and abandoning module PakFile (2)
[2017.05.25-12.10.50:613][451]LogExit: Exiting.
[2017.05.25-12.10.50:615][451]Log file closed, 05/25/17 05:10:50
